<html>
<body>
<pre>
<h1>µVision Build Log</h1>
<h2>Project:</h2>
F:\work\FPInterro\code\FPInterro.uvproj
Project File Date:  07/22/2014

<h2>Output:</h2>
Build target 'Target 1'
linking...
Program Size: Code=924 RO-data=460 RW-data=20 ZI-data=1636  
FromELF: creating hex file...
".\obj\FPInterro.axf" - 0 Error(s), 0 Warning(s).
</pre>
</body>
</html>
ing stm32f4xx_crc.c...
compiling stm32f4xx_cryp.c...
compiling stm32f4xx_cryp_aes.c...
compiling stm32f4xx_cryp_des.c...
compiling stm32f4xx_cryp_tdes.c...
compiling stm32f4xx_dac.c...
compiling stm32f4xx_dbgmcu.c...
compiling stm32f4xx_dcmi.c...
compiling stm32f4xx_dma.c...
compiling stm32f4xx_dma2d.c...
compiling stm32f4xx_exti.c...
compiling stm32f4xx_flash.c...
compiling stm32f4xx_fmc.c...
compiling stm32f4xx_gpio.c...
compiling stm32f4xx_hash.c...
compiling stm32f4xx_hash_md5.c...
compiling stm32f4xx_hash_sha1.c...
compiling stm32f4xx_i2c.c...
compiling stm32f4xx_iwdg.c...
compiling stm32f4xx_ltdc.c...
compiling stm32f4xx_pwr.c...
compiling stm32f4xx_rcc.c...
compiling stm32f4xx_rng.c...
compiling stm32f4xx_rtc.c...
compiling stm32f4xx_sai.c...
compiling stm32f4xx_sdio.c...
compiling stm32f4xx_spi.c...
compiling stm32f4xx_syscfg.c...
compiling stm32f4xx_tim.c...
compiling stm32f4xx_usart.c...
compiling stm32f4xx_wwdg.c...
linking...
Program Size: Code=924 RO-data=460 RW-data=20 ZI-data=1636  
FromELF: creating hex file...
".\obj\FPInterro.axf" - 0 Error(s), 0 Warning(s).
ier "FSMC_Bank1" is undefined
    FSMC_Bank1->BTCR[FSMC_NORSRAMInitStruct->FSMC_Bank] = 
Libraries\STM32F4xx_StdPeriph_Driver\src\stm32f4xx_fsmc.c(210): error:  #20: identifier "FSMC_Bank1E" is undefined
      FSMC_Bank1E->BWTR[FSMC_NORSRAMInitStruct->FSMC_Bank] = 
Libraries\STM32F4xx_StdPeriph_Driver\src\stm32f4xx_fsmc.c(220): error:  #20: identifier "FSMC_Bank1E" is undefined
      FSMC_Bank1E->BWTR[FSMC_NORSRAMInitStruct->FSMC_Bank] = 0x0FFFFFFF;
Libraries\STM32F4xx_StdPeriph_Driver\src\stm32f4xx_fsmc.c(281): error:  #20: identifier "FSMC_Bank1" is undefined
      FSMC_Bank1->BTCR[FSMC_Bank] |= BCR_MBKEN_SET;
Libraries\STM32F4xx_StdPeriph_Driver\src\stm32f4xx_fsmc.c(286): error:  #20: identifier "FSMC_Bank1" is undefined
      FSMC_Bank1->BTCR[FSMC_Bank] &= BCR_MBKEN_RESET;
Libraries\STM32F4xx_StdPeriph_Driver\src\stm32f4xx_fsmc.c(354): error:  #20: identifier "FSMC_Bank2" is undefined
      FSMC_Bank2->PCR2 = 0x00000018;
Libraries\STM32F4xx_StdPeriph_Driver\src\stm32f4xx_fsmc.c(363): error:  #20: identifier "FSMC_Bank3" is undefined
      FSMC_Bank3->PCR3 = 0x00000018;
Libraries\STM32F4xx_StdPeriph_Driver\src\stm32f4xx_fsmc.c(422): error:  #20: identifier "FSMC_Bank2" is undefined
      FSMC_Bank2->PCR2 = tmppcr;
Libraries\STM32F4xx_StdPeriph_Driver\src\stm32f4xx_fsmc.c(429): error:  #20: identifier "FSMC_Bank3" is undefined
      FSMC_Bank3->PCR3 = tmppcr;
Libraries\STM32F4xx_StdPeriph_Driver\src\stm32f4xx_fsmc.c(481): error:  #20: identifier "FSMC_Bank2" is undefined
        FSMC_Bank2->PCR2 |= PCR_PBKEN_SET;
Libraries\STM32F4xx_StdPeriph_Driver\src\stm32f4xx_fsmc.c(485): error:  #20: identifier "FSMC_Bank3" is undefined
        FSMC_Bank3->PCR3 |= PCR_PBKEN_SET;
Libraries\STM32F4xx_StdPeriph_Driver\src\stm32f4xx_fsmc.c(493): error:  #20: identifier "FSMC_Bank2" is undefined
        FSMC_Bank2->PCR2 &= PCR_PBKEN_RESET;
Libraries\STM32F4xx_StdPeriph_Driver\src\stm32f4xx_fsmc.c(497): error:  #20: identifier "FSMC_Bank3" is undefined
        FSMC_Bank3->PCR3 &= PCR_PBKEN_RESET;
Libraries\STM32F4xx_StdPeriph_Driver\src\stm32f4xx_fsmc.c(521): error:  #20: identifier "FSMC_Bank2" is undefined
        FSMC_Bank2->PCR2 |= PCR_ECCEN_SET;
Libraries\STM32F4xx_StdPeriph_Driver\src\stm32f4xx_fsmc.c(525): error:  #20: identifier "FSMC_Bank3" is undefined
        FSMC_Bank3->PCR3 |= PCR_ECCEN_SET;
Libraries\STM32F4xx_StdPeriph_Driver\src\stm32f4xx_fsmc.c(533): error:  #20: identifier "FSMC_Bank2" is undefined
        FSMC_Bank2->PCR2 &= PCR_ECCEN_RESET;
Libraries\STM32F4xx_StdPeriph_Driver\src\stm32f4xx_fsmc.c(537): error:  #20: identifier "FSMC_Bank3" is undefined
        FSMC_Bank3->PCR3 &= PCR_ECCEN_RESET;
Libraries\STM32F4xx_StdPeriph_Driver\src\stm32f4xx_fsmc.c(557): error:  #20: identifier "FSMC_Bank2" is undefined
      eccval = FSMC_Bank2->ECCR2;
Libraries\STM32F4xx_StdPeriph_Driver\src\stm32f4xx_fsmc.c(562): error:  #20: identifier "FSMC_Bank3" is undefined
      eccval = FSMC_Bank3->ECCR3;
Libraries\STM32F4xx_StdPeriph_Driver\src\stm32f4xx_fsmc.c(617): error:  #20: identifier "FSMC_Bank4" is undefined
    FSMC_Bank4->PCR4 = 0x00000018; 
Libraries\STM32F4xx_StdPeriph_Driver\src\stm32f4xx_fsmc.c(653): error:  #20: identifier "FSMC_Bank4" is undefined
    FSMC_Bank4->PCR4 = (uint32_t)FSMC_PCCARDInitStruct->FSMC_Waitfeature |
Libraries\STM32F4xx_StdPeriph_Driver\src\stm32f4xx_fsmc.c(716): error:  #20: identifier "FSMC_Bank4" is undefined
      FSMC_Bank4->PCR4 |= PCR_PBKEN_SET;
Libraries\STM32F4xx_StdPeriph_Driver\src\stm32f4xx_fsmc.c(721): error:  #20: identifier "FSMC_Bank4" is undefined
      FSMC_Bank4->PCR4 &= PCR_PBKEN_RESET;
Libraries\STM32F4xx_StdPeriph_Driver\src\stm32f4xx_fsmc.c(767): error:  #20: identifier "FSMC_Bank2" is undefined
        FSMC_Bank2->SR2 |= FSMC_IT;
Libraries\STM32F4xx_StdPeriph_Driver\src\stm32f4xx_fsmc.c(772): error:  #20: identifier "FSMC_Bank3" is undefined
        FSMC_Bank3->SR3 |= FSMC_IT;
Libraries\STM32F4xx_StdPeriph_Driver\src\stm32f4xx_fsmc.c(777): error:  #20: identifier "FSMC_Bank4" is undefined
        FSMC_Bank4->SR4 |= FSMC_IT;    
Libraries\STM32F4xx_StdPeriph_Driver\src\stm32f4xx_fsmc.c: 0 warnings, 30 errors
compiling stm32f4xx_gpio.c...
compiling stm32f4xx_hash.c...
compiling stm32f4xx_hash_md5.c...
compiling stm32f4xx_hash_sha1.c...
compiling stm32f4xx_i2c.c...
compiling stm32f4xx_iwdg.c...
compiling stm32f4xx_ltdc.c...
compiling stm32f4xx_pwr.c...
compiling stm32f4xx_rcc.c...
compiling stm32f4xx_rng.c...
compiling stm32f4xx_rtc.c...
compiling stm32f4xx_sai.c...
compiling stm32f4xx_sdio.c...
compiling stm32f4xx_spi.c...
compiling stm32f4xx_syscfg.c...
compiling stm32f4xx_tim.c...
compiling stm32f4xx_usart.c...
compiling stm32f4xx_wwdg.c...
".\FPInterro.axf" - 30 Error(s), 0 Warning(s).
Target not created
2F4xx_StdPeriph_Driver\src\stm32f4xx_iwdg.c: 0 warnings, 1 error
compiling stm32f4xx_ltdc.c...
..\code\stm32f4xx_conf.h(41): error:  #5: cannot open source input file "stm324x9i_i2c.h": No such file or directory
  #include "stm324x9i_i2c.h"
Libraries\STM32F4xx_StdPeriph_Driver\src\stm32f4xx_ltdc.c: 0 warnings, 1 error
compiling stm32f4xx_pwr.c...
..\code\stm32f4xx_conf.h(41): error:  #5: cannot open source input file "stm324x9i_i2c.h": No such file or directory
  #include "stm324x9i_i2c.h"
Libraries\STM32F4xx_StdPeriph_Driver\src\stm32f4xx_pwr.c: 0 warnings, 1 error
compiling stm32f4xx_rcc.c...
..\code\stm32f4xx_conf.h(41): error:  #5: cannot open source input file "stm324x9i_i2c.h": No such file or directory
  #include "stm324x9i_i2c.h"
Libraries\STM32F4xx_StdPeriph_Driver\src\stm32f4xx_rcc.c: 0 warnings, 1 error
compiling stm32f4xx_rng.c...
..\code\stm32f4xx_conf.h(41): error:  #5: cannot open source input file "stm324x9i_i2c.h": No such file or directory
  #include "stm324x9i_i2c.h"
Libraries\STM32F4xx_StdPeriph_Driver\src\stm32f4xx_rng.c: 0 warnings, 1 error
compiling stm32f4xx_rtc.c...
..\code\stm32f4xx_conf.h(41): error:  #5: cannot open source input file "stm324x9i_i2c.h": No such file or directory
  #include "stm324x9i_i2c.h"
Libraries\STM32F4xx_StdPeriph_Driver\src\stm32f4xx_rtc.c: 0 warnings, 1 error
compiling stm32f4xx_sai.c...
..\code\stm32f4xx_conf.h(41): error:  #5: cannot open source input file "stm324x9i_i2c.h": No such file or directory
  #include "stm324x9i_i2c.h"
Libraries\STM32F4xx_StdPeriph_Driver\src\stm32f4xx_sai.c: 0 warnings, 1 error
compiling stm32f4xx_sdio.c...
..\code\stm32f4xx_conf.h(41): error:  #5: cannot open source input file "stm324x9i_i2c.h": No such file or directory
  #include "stm324x9i_i2c.h"
Libraries\STM32F4xx_StdPeriph_Driver\src\stm32f4xx_sdio.c: 0 warnings, 1 error
compiling stm32f4xx_spi.c...
..\code\stm32f4xx_conf.h(41): error:  #5: cannot open source input file "stm324x9i_i2c.h": No such file or directory
  #include "stm324x9i_i2c.h"
Libraries\STM32F4xx_StdPeriph_Driver\src\stm32f4xx_spi.c: 0 warnings, 1 error
compiling stm32f4xx_syscfg.c...
..\code\stm32f4xx_conf.h(41): error:  #5: cannot open source input file "stm324x9i_i2c.h": No such file or directory
  #include "stm324x9i_i2c.h"
Libraries\STM32F4xx_StdPeriph_Driver\src\stm32f4xx_syscfg.c: 0 warnings, 1 error
compiling stm32f4xx_tim.c...
..\code\stm32f4xx_conf.h(41): error:  #5: cannot open source input file "stm324x9i_i2c.h": No such file or directory
  #include "stm324x9i_i2c.h"
Libraries\STM32F4xx_StdPeriph_Driver\src\stm32f4xx_tim.c: 0 warnings, 1 error
compiling stm32f4xx_usart.c...
..\code\stm32f4xx_conf.h(41): error:  #5: cannot open source input file "stm324x9i_i2c.h": No such file or directory
  #include "stm324x9i_i2c.h"
Libraries\STM32F4xx_StdPeriph_Driver\src\stm32f4xx_usart.c: 0 warnings, 1 error
compiling stm32f4xx_wwdg.c...
..\code\stm32f4xx_conf.h(41): error:  #5: cannot open source input file "stm324x9i_i2c.h": No such file or directory
  #include "stm324x9i_i2c.h"
Libraries\STM32F4xx_StdPeriph_Driver\src\stm32f4xx_wwdg.c: 0 warnings, 1 error
".\FPInterro.axf" - 36 Error(s), 0 Warning(s).
Target not created
n.c(958): warning:  #223-D: function "assert_param" declared implicitly
    assert_param(IS_CAN_ALL_PERIPH(CANx));
Libraries\STM32F4xx_StdPeriph_Driver\src\stm32f4xx_can.c(984): warning:  #223-D: function "assert_param" declared implicitly
    assert_param(IS_CAN_ALL_PERIPH(CANx));
Libraries\STM32F4xx_StdPeriph_Driver\src\stm32f4xx_can.c(1045): warning:  #223-D: function "assert_param" declared implicitly
    assert_param(IS_CAN_ALL_PERIPH(CANx));
Libraries\STM32F4xx_StdPeriph_Driver\src\stm32f4xx_can.c(1070): warning:  #223-D: function "assert_param" declared implicitly
    assert_param(IS_CAN_ALL_PERIPH(CANx));
Libraries\STM32F4xx_StdPeriph_Driver\src\stm32f4xx_can.c(1090): warning:  #223-D: function "assert_param" declared implicitly
    assert_param(IS_CAN_ALL_PERIPH(CANx));
Libraries\STM32F4xx_StdPeriph_Driver\src\stm32f4xx_can.c(1293): warning:  #223-D: function "assert_param" declared implicitly
    assert_param(IS_CAN_ALL_PERIPH(CANx));
Libraries\STM32F4xx_StdPeriph_Driver\src\stm32f4xx_can.c(1335): warning:  #223-D: function "assert_param" declared implicitly
    assert_param(IS_CAN_ALL_PERIPH(CANx));
Libraries\STM32F4xx_StdPeriph_Driver\src\stm32f4xx_can.c(1434): warning:  #223-D: function "assert_param" declared implicitly
    assert_param(IS_CAN_ALL_PERIPH(CANx));
Libraries\STM32F4xx_StdPeriph_Driver\src\stm32f4xx_can.c(1494): warning:  #223-D: function "assert_param" declared implicitly
    assert_param(IS_CAN_ALL_PERIPH(CANx));
Libraries\STM32F4xx_StdPeriph_Driver\src\stm32f4xx_can.c(1597): warning:  #223-D: function "assert_param" declared implicitly
    assert_param(IS_CAN_ALL_PERIPH(CANx));
Libraries\STM32F4xx_StdPeriph_Driver\src\stm32f4xx_can.c: 23 warnings, 0 errors
compiling stm32f4xx_crc.c...
compiling stm32f4xx_cryp.c...
Libraries\STM32F4xx_StdPeriph_Driver\src\stm32f4xx_cryp.c(238): warning:  #223-D: function "assert_param" declared implicitly
    assert_param(IS_CRYP_ALGOMODE(CRYP_InitStruct->CRYP_AlgoMode));
Libraries\STM32F4xx_StdPeriph_Driver\src\stm32f4xx_cryp.c(370): warning:  #223-D: function "assert_param" declared implicitly
    assert_param(IS_CRYP_PHASE(CRYP_Phase));
Libraries\STM32F4xx_StdPeriph_Driver\src\stm32f4xx_cryp.c(406): warning:  #223-D: function "assert_param" declared implicitly
    assert_param(IS_FUNCTIONAL_STATE(NewState));
Libraries\STM32F4xx_StdPeriph_Driver\src\stm32f4xx_cryp.c(684): warning:  #223-D: function "assert_param" declared implicitly
    assert_param(IS_CRYP_DMAREQ(CRYP_DMAReq));
Libraries\STM32F4xx_StdPeriph_Driver\src\stm32f4xx_cryp.c(802): warning:  #223-D: function "assert_param" declared implicitly
    assert_param(IS_CRYP_CONFIG_IT(CRYP_IT));
Libraries\STM32F4xx_StdPeriph_Driver\src\stm32f4xx_cryp.c(831): warning:  #223-D: function "assert_param" declared implicitly
    assert_param(IS_CRYP_GET_IT(CRYP_IT));
Libraries\STM32F4xx_StdPeriph_Driver\src\stm32f4xx_cryp.c(889): warning:  #223-D: function "assert_param" declared implicitly
    assert_param(IS_CRYP_GET_FLAG(CRYP_FLAG));
Libraries\STM32F4xx_StdPeriph_Driver\src\stm32f4xx_cryp.c: 7 warnings, 0 errors
compiling stm32f4xx_cryp_aes.c...
compiling stm32f4xx_cryp_des.c...
compiling stm32f4xx_cryp_tdes.c...
".\FPInterro.axf" - 0 Error(s), 69 Warning(s).
Project build/rebuild aborted.
AC_TRIGGER(DAC_InitStruct->DAC_Trigger));
Libraries\STM32F4xx_StdPeriph_Driver\src\stm32f4xx_dac.c(269): warning:  #223-D: function "assert_param" declared implicitly
    assert_param(IS_DAC_CHANNEL(DAC_Channel));
Libraries\STM32F4xx_StdPeriph_Driver\src\stm32f4xx_dac.c(297): warning:  #223-D: function "assert_param" declared implicitly
    assert_param(IS_DAC_CHANNEL(DAC_Channel));
Libraries\STM32F4xx_StdPeriph_Driver\src\stm32f4xx_dac.c(321): warning:  #223-D: function "assert_param" declared implicitly
    assert_param(IS_FUNCTIONAL_STATE(NewState));
Libraries\STM32F4xx_StdPeriph_Driver\src\stm32f4xx_dac.c(352): warning:  #223-D: function "assert_param" declared implicitly
    assert_param(IS_DAC_CHANNEL(DAC_Channel));
Libraries\STM32F4xx_StdPeriph_Driver\src\stm32f4xx_dac.c(383): warning:  #223-D: function "assert_param" declared implicitly
    assert_param(IS_DAC_ALIGN(DAC_Align));
Libraries\STM32F4xx_StdPeriph_Driver\src\stm32f4xx_dac.c(408): warning:  #223-D: function "assert_param" declared implicitly
    assert_param(IS_DAC_ALIGN(DAC_Align));
Libraries\STM32F4xx_StdPeriph_Driver\src\stm32f4xx_dac.c(436): warning:  #223-D: function "assert_param" declared implicitly
    assert_param(IS_DAC_ALIGN(DAC_Align));
Libraries\STM32F4xx_StdPeriph_Driver\src\stm32f4xx_dac.c(470): warning:  #223-D: function "assert_param" declared implicitly
    assert_param(IS_DAC_CHANNEL(DAC_Channel));
Libraries\STM32F4xx_StdPeriph_Driver\src\stm32f4xx_dac.c(513): warning:  #223-D: function "assert_param" declared implicitly
    assert_param(IS_DAC_CHANNEL(DAC_Channel));
Libraries\STM32F4xx_StdPeriph_Driver\src\stm32f4xx_dac.c(561): warning:  #223-D: function "assert_param" declared implicitly
    assert_param(IS_DAC_CHANNEL(DAC_Channel));
Libraries\STM32F4xx_StdPeriph_Driver\src\stm32f4xx_dac.c(594): warning:  #223-D: function "assert_param" declared implicitly
    assert_param(IS_DAC_CHANNEL(DAC_Channel));
Libraries\STM32F4xx_StdPeriph_Driver\src\stm32f4xx_dac.c(628): warning:  #223-D: function "assert_param" declared implicitly
    assert_param(IS_DAC_CHANNEL(DAC_Channel));
Libraries\STM32F4xx_StdPeriph_Driver\src\stm32f4xx_dac.c(654): warning:  #223-D: function "assert_param" declared implicitly
    assert_param(IS_DAC_CHANNEL(DAC_Channel));
Libraries\STM32F4xx_StdPeriph_Driver\src\stm32f4xx_dac.c(691): warning:  #223-D: function "assert_param" declared implicitly
    assert_param(IS_DAC_CHANNEL(DAC_Channel));
Libraries\STM32F4xx_StdPeriph_Driver\src\stm32f4xx_dac.c: 15 warnings, 0 errors
compiling stm32f4xx_dbgmcu.c...
Libraries\STM32F4xx_StdPeriph_Driver\src\stm32f4xx_dbgmcu.c(87): warning:  #223-D: function "assert_param" declared implicitly
    assert_param(IS_DBGMCU_PERIPH(DBGMCU_Periph));
Libraries\STM32F4xx_StdPeriph_Driver\src\stm32f4xx_dbgmcu.c(126): warning:  #223-D: function "assert_param" declared implicitly
    assert_param(IS_DBGMCU_APB1PERIPH(DBGMCU_Periph));
Libraries\STM32F4xx_StdPeriph_Driver\src\stm32f4xx_dbgmcu.c(155): warning:  #223-D: function "assert_param" declared implicitly
    assert_param(IS_DBGMCU_APB2PERIPH(DBGMCU_Periph));
Libraries\STM32F4xx_StdPeriph_Driver\src\stm32f4xx_dbgmcu.c: 3 warnings, 0 errors
compiling stm32f4xx_dcmi.c...
Libraries\STM32F4xx_StdPeriph_Driver\src\stm32f4xx_dcmi.c(148): warning:  #223-D: function "assert_param" declared implicitly
    assert_param(IS_DCMI_CAPTURE_MODE(DCMI_InitStruct->DCMI_CaptureMode));
Libraries\STM32F4xx_StdPeriph_Driver\src\stm32f4xx_dcmi.c(226): warning:  #223-D: function "assert_param" declared implicitly
    assert_param(IS_FUNCTIONAL_STATE(NewState));
Libraries\STM32F4xx_StdPeriph_Driver\src\stm32f4xx_dcmi.c(264): warning:  #223-D: function "assert_param" declared implicitly
    assert_param(IS_FUNCTIONAL_STATE(NewState));
Libraries\STM32F4xx_StdPeriph_Driver\src\stm32f4xx_dcmi.c(302): warning:  #223-D: function "assert_param" declared implicitly
    assert_param(IS_FUNCTIONAL_STATE(NewState));
Libraries\STM32F4xx_StdPeriph_Driver\src\stm32f4xx_dcmi.c(325): warning:  #223-D: function "assert_param" declared implicitly
    assert_param(IS_FUNCTIONAL_STATE(NewState));
Libraries\STM32F4xx_StdPeriph_Driver\src\stm32f4xx_dcmi.c(380): warning:  #223-D: function "assert_param" declared implicitly
    assert_param(IS_DCMI_CONFIG_IT(DCMI_IT));
Libraries\STM32F4xx_StdPeriph_Driver\src\stm32f4xx_dcmi.c(420): warning:  #223-D: function "assert_param" declared implicitly
    assert_param(IS_DCMI_GET_FLAG(DCMI_FLAG));
Libraries\STM32F4xx_StdPeriph_Driver\src\stm32f4xx_dcmi.c(464): warning:  #223-D: function "assert_param" declared implicitly
    assert_param(IS_DCMI_CLEAR_FLAG(DCMI_FLAG));
Libraries\STM32F4xx_StdPeriph_Driver\src\stm32f4xx_dcmi.c(489): warning:  #223-D: function "assert_param" declared implicitly
    assert_param(IS_DCMI_GET_IT(DCMI_IT));
Libraries\STM32F4xx_StdPeriph_Driver\src\stm32f4xx_dcmi.c: 9 warnings, 0 errors
compiling stm32f4xx_dma.c...
Libraries\STM32F4xx_StdPeriph_Driver\src\stm32f4xx_dma.c(199): warning:  #223-D: function "assert_param" declared implicitly
    assert_param(IS_DMA_ALL_PERIPH(DMAy_Streamx));
Libraries\STM32F4xx_StdPeriph_Driver\src\stm32f4xx_dma.c(324): warning:  #223-D: function "assert_param" declared implicitly
    assert_param(IS_DMA_ALL_PERIPH(DMAy_Streamx));
Libraries\STM32F4xx_StdPeriph_Driver\src\stm32f4xx_dma.c(481): warning:  #223-D: function "assert_param" declared implicitly
    assert_param(IS_DMA_ALL_PERIPH(DMAy_Streamx));
Libraries\STM32F4xx_StdPeriph_Driver\src\stm32f4xx_dma.c(517): warning:  #223-D: function "assert_param" declared implicitly
    assert_param(IS_DMA_ALL_PERIPH(DMAy_Streamx));
Libraries\STM32F4xx_StdPeriph_Driver\src\stm32f4xx_dma.c(553): warning:  #223-D: function "assert_param" declared implicitly
    assert_param(IS_DMA_ALL_PERIPH(DMAy_Streamx));
Libraries\STM32F4xx_StdPeriph_Driver\src\stm32f4xx_dma.c(635): warning:  #223-D: function "assert_param" declared implicitly
    assert_param(IS_DMA_ALL_PERIPH(DMAy_Streamx));
Libraries\STM32F4xx_StdPeriph_Driver\src\stm32f4xx_dma.c(650): warning:  #223-D: function "assert_param" declared implicitly
    assert_param(IS_DMA_ALL_PERIPH(DMAy_Streamx));
Libraries\STM32F4xx_StdPeriph_Driver\src\stm32f4xx_dma.c(734): warning:  #223-D: function "assert_param" declared implicitly
    assert_param(IS_DMA_ALL_PERIPH(DMAy_Streamx));
Libraries\STM32F4xx_StdPeriph_Driver\src\stm32f4xx_dma.c(764): warning:  #223-D: function "assert_param" declared implicitly
    assert_param(IS_DMA_ALL_PERIPH(DMAy_Streamx));
Libraries\STM32F4xx_StdPeriph_Driver\src\stm32f4xx_dma.c(806): warning:  #223-D: function "assert_param" declared implicitly
    assert_param(IS_DMA_ALL_PERIPH(DMAy_Streamx));
Libraries\STM32F4xx_StdPeriph_Driver\src\stm32f4xx_dma.c(833): warning:  #223-D: function "assert_param" declared implicitly
    assert_param(IS_DMA_ALL_PERIPH(DMAy_Streamx));
Libraries\STM32F4xx_StdPeriph_Driver\src\stm32f4xx_dma.c(948): warning:  #223-D: function "assert_param" declared implicitly
    assert_param(IS_DMA_ALL_PERIPH(DMAy_Streamx));
Libraries\STM32F4xx_StdPeriph_Driver\src\stm32f4xx_dma.c(982): warning:  #223-D: function "assert_param" declared implicitly
    assert_param(IS_DMA_ALL_PERIPH(DMAy_Streamx));
Libraries\STM32F4xx_StdPeriph_Driver\src\stm32f4xx_dma.c(1011): warning:  #223-D: function "assert_param" declared implicitly
    assert_param(IS_DMA_ALL_PERIPH(DMAy_Streamx));
Libraries\STM32F4xx_StdPeriph_Driver\src\stm32f4xx_dma.c(1076): warning:  #223-D: function "assert_param" declared implicitly
    assert_param(IS_DMA_ALL_PERIPH(DMAy_Streamx));
Libraries\STM32F4xx_StdPeriph_Driver\src\stm32f4xx_dma.c(1121): warning:  #223-D: function "assert_param" declared implicitly
    assert_param(IS_DMA_ALL_PERIPH(DMAy_Streamx));
Libraries\STM32F4xx_StdPeriph_Driver\src\stm32f4xx_dma.c(1177): warning:  #223-D: function "assert_param" declared implicitly
    assert_param(IS_DMA_ALL_PERIPH(DMAy_Streamx));
Libraries\STM32F4xx_StdPeriph_Driver\src\stm32f4xx_dma.c(1257): warning:  #223-D: function "assert_param" declared implicitly
    assert_param(IS_DMA_ALL_PERIPH(DMAy_Streamx));
Libraries\STM32F4xx_StdPeriph_Driver\src\stm32f4xx_dma.c: 18 warnings, 0 errors
compiling stm32f4xx_dma2d.c...
Libraries\STM32F4xx_StdPeriph_Driver\src\stm32f4xx_dma2d.c(131): warning:  #223-D: function "assert_param" declared implicitly
    assert_param(IS_DMA2D_MODE(DMA2D_InitStruct->DMA2D_Mode));
Libraries\STM32F4xx_StdPeriph_Driver\src\stm32f4xx_dma2d.c(270): warning:  #223-D: function "assert_param" declared implicitly
    assert_param(IS_FUNCTIONAL_STATE(NewState));
Libraries\STM32F4xx_StdPeriph_Driver\src\stm32f4xx_dma2d.c(302): warning:  #223-D: function "assert_param" declared implicitly
    assert_param(IS_DMA2D_FGO(DMA2D_FG_InitStruct->DMA2D_FGO));
Libraries\STM32F4xx_StdPeriph_Driver\src\stm32f4xx_dma2d.c(399): warning:  #223-D: function "assert_param" declared implicitly
    assert_param(IS_DMA2D_BGO(DMA2D_BG_InitStruct->DMA2D_BGO));
Libraries\STM32F4xx_StdPeriph_Driver\src\stm32f4xx_dma2d.c(488): warning:  #223-D: function "assert_param" declared implicitly
    assert_param(IS_FUNCTIONAL_STATE(NewState));
Libraries\STM32F4xx_StdPeriph_Driver\src\stm32f4xx_dma2d.c(512): warning:  #223-D: function "assert_param" declared implicitly
    assert_param(IS_FUNCTIONAL_STATE(NewState));
Libraries\STM32F4xx_StdPeriph_Driver\src\stm32f4xx_dma2d.c(537): warning:  #223-D: function "assert_param" declared implicitly
    assert_param(IS_DMA2D_DEAD_TIME(DMA2D_DeadTime));
Libraries\STM32F4xx_StdPeriph_Driver\src\stm32f4xx_dma2d.c(562): warning:  #223-D: function "assert_param" declared implicitly
    assert_param(IS_DMA2D_LineWatermark(DMA2D_LWatermarkConfig));
Libraries\STM32F4xx_StdPeriph_Driver\src\stm32f4xx_dma2d.c(629): warning:  #223-D: function "assert_param" declared implicitly
    assert_param(IS_DMA2D_IT(DMA2D_IT));
Libraries\STM32F4xx_StdPeriph_Driver\src\stm32f4xx_dma2d.c(662): warning:  #223-D: function "assert_param" declared implicitly
    assert_param(IS_DMA2D_GET_FLAG(DMA2D_FLAG));
Libraries\STM32F4xx_StdPeriph_Driver\src\stm32f4xx_dma2d.c(694): warning:  #223-D: function "assert_param" declared implicitly
    assert_param(IS_DMA2D_GET_FLAG(DMA2D_FLAG));
Libraries\STM32F4xx_StdPeriph_Driver\src\stm32f4xx_dma2d.c(718): warning:  #223-D: function "assert_param" declared implicitly
    assert_param(IS_DMA2D_IT(DMA2D_IT));
Libraries\STM32F4xx_StdPeriph_Driver\src\stm32f4xx_dma2d.c(755): warning:  #223-D: function "assert_param" declared implicitly
    assert_param(IS_DMA2D_IT(DMA2D_IT));
Libraries\STM32F4xx_StdPeriph_Driver\src\stm32f4xx_dma2d.c: 13 warnings, 0 errors
compiling stm32f4xx_exti.c...
Libraries\STM32F4xx_StdPeriph_Driver\src\stm32f4xx_exti.c(131): warning:  #223-D: function "assert_param" declared implicitly
    assert_param(IS_EXTI_MODE(EXTI_InitStruct->EXTI_Mode));
Libraries\STM32F4xx_StdPeriph_Driver\src\stm32f4xx_exti.c(200): warning:  #223-D: function "assert_param" declared implicitly
    assert_param(IS_EXTI_LINE(EXTI_Line));
Libraries\STM32F4xx_StdPeriph_Driver\src\stm32f4xx_exti.c(231): warning:  #223-D: function "assert_param" declared implicitly
    assert_param(IS_GET_EXTI_LINE(EXTI_Line));
Libraries\STM32F4xx_StdPeriph_Driver\src\stm32f4xx_exti.c(253): warning:  #223-D: function "assert_param" declared implicitly
    assert_param(IS_EXTI_LINE(EXTI_Line));
Libraries\STM32F4xx_StdPeriph_Driver\src\stm32f4xx_exti.c(268): warning:  #223-D: function "assert_param" declared implicitly
    assert_param(IS_GET_EXTI_LINE(EXTI_Line));
Libraries\STM32F4xx_StdPeriph_Driver\src\stm32f4xx_exti.c(291): warning:  #223-D: function "assert_param" declared implicitly
    assert_param(IS_EXTI_LINE(EXTI_Line));
Libraries\STM32F4xx_StdPeriph_Driver\src\stm32f4xx_exti.c: 6 warnings, 0 errors
compiling stm32f4xx_flash.c...
Libraries\STM32F4xx_StdPeriph_Driver\src\stm32f4xx_flash.c(251): warning:  #223-D: function "assert_param" declared implicitly
    assert_param(IS_FLASH_LATENCY(FLASH_Latency));
Libraries\STM32F4xx_StdPeriph_Driver\src\stm32f4xx_flash.c(266): warning:  #223-D: function "assert_param" declared implicitly
    assert_param(IS_FUNCTIONAL_STATE(NewState));
Libraries\STM32F4xx_StdPeriph_Driver\src\stm32f4xx_flash.c(288): warning:  #223-D: function "assert_param" declared implicitly
    assert_param(IS_FUNCTIONAL_STATE(NewState));
Libraries\STM32F4xx_StdPeriph_Driver\src\stm32f4xx_flash.c(309): warning:  #223-D: function "assert_param" declared implicitly
    assert_param(IS_FUNCTIONAL_STATE(NewState));
Libraries\STM32F4xx_StdPeriph_Driver\src\stm32f4xx_flash.c(443): warning:  #223-D: function "assert_param" declared implicitly
    assert_param(IS_FLASH_SECTOR(FLASH_Sector));
Libraries\STM32F4xx_StdPeriph_Driver\src\stm32f4xx_flash.c(512): warning:  #223-D: function "assert_param" declared implicitly
    assert_param(IS_VOLTAGERANGE(VoltageRange));
Libraries\STM32F4xx_StdPeriph_Driver\src\stm32f4xx_flash.c(593): warning:  #223-D: function "assert_param" declared implicitly
    assert_param(IS_VOLTAGERANGE(VoltageRange));
Libraries\STM32F4xx_StdPeriph_Driver\src\stm32f4xx_flash.c(660): warning:  #223-D: function "assert_param" declared implicitly
    assert_param(IS_VOLTAGERANGE(VoltageRange));
Libraries\STM32F4xx_StdPeriph_Driver\src\stm32f4xx_flash.c(715): warning:  #223-D: function "assert_param" declared implicitly
    assert_param(IS_FLASH_ADDRESS(Address));
Libraries\STM32F4xx_StdPeriph_Driver\src\stm32f4xx_flash.c(758): warning:  #223-D: function "assert_param" declared implicitly
    assert_param(IS_FLASH_ADDRESS(Address));
Libraries\STM32F4xx_StdPeriph_Driver\src\stm32f4xx_flash.c(800): warning:  #223-D: function "assert_param" declared implicitly
    assert_param(IS_FLASH_ADDRESS(Address));
Libraries\STM32F4xx_StdPeriph_Driver\src\stm32f4xx_flash.c(842): warning:  #223-D: function "assert_param" declared implicitly
    assert_param(IS_FLASH_ADDRESS(Address));
Libraries\STM32F4xx_StdPeriph_Driver\src\stm32f4xx_flash.c(979): warning:  #223-D: function "assert_param" declared implicitly
    assert_param(IS_OB_WRP(OB_WRP));
Libraries\STM32F4xx_StdPeriph_Driver\src\stm32f4xx_flash.c(1021): warning:  #223-D: function "assert_param" declared implicitly
    assert_param(IS_OB_WRP(OB_WRP));
Libraries\STM32F4xx_StdPeriph_Driver\src\stm32f4xx_flash.c(1071): warning:  #223-D: function "assert_param" declared implicitly
    assert_param(IS_OB_PCROP_SELECT(OB_PcROP));
Libraries\STM32F4xx_StdPeriph_Driver\src\stm32f4xx_flash.c(1101): warning:  #223-D: function "assert_param" declared implicitly
    assert_param(IS_OB_PCROP(OB_PCROP));
Libraries\STM32F4xx_StdPeriph_Driver\src\stm32f4xx_flash.c(1138): warning:  #223-D: function "assert_param" declared implicitly
    assert_param(IS_OB_PCROP(OB_PCROP));
Libraries\STM32F4xx_StdPeriph_Driver\src\stm32f4xx_flash.c(1174): warning:  #223-D: function "assert_param" declared implicitly
    assert_param(IS_OB_RDP(OB_RDP));
Libraries\STM32F4xx_StdPeriph_Driver\src\stm32f4xx_flash.c(1207): warning:  #223-D: function "assert_param" declared implicitly
    assert_param(IS_OB_IWDG_SOURCE(OB_IWDG));
Libraries\STM32F4xx_StdPeriph_Driver\src\stm32f4xx_flash.c(1245): warning:  #223-D: function "assert_param" declared implicitly
    assert_param(IS_OB_BOOT(OB_BOOT));
Libraries\STM32F4xx_StdPeriph_Driver\src\stm32f4xx_flash.c(1266): warning:  #223-D: function "assert_param" declared implicitly
    assert_param(IS_OB_BOR(OB_BOR));
Libraries\STM32F4xx_StdPeriph_Driver\src\stm32f4xx_flash.c(1421): warning:  #223-D: function "assert_param" declared implicitly
    assert_param(IS_FLASH_IT(FLASH_IT)); 
Libraries\STM32F4xx_StdPeriph_Driver\src\stm32f4xx_flash.c(1454): warning:  #223-D: function "assert_param" declared implicitly
    assert_param(IS_FLASH_GET_FLAG(FLASH_FLAG));
Libraries\STM32F4xx_StdPeriph_Driver\src\stm32f4xx_flash.c(1484): warning:  #223-D: function "assert_param" declared implicitly
    assert_param(IS_FLASH_CLEAR_FLAG(FLASH_FLAG));
Libraries\STM32F4xx_StdPeriph_Driver\src\stm32f4xx_flash.c: 24 warnings, 0 errors
compiling stm32f4xx_fmc.c...
Libraries\STM32F4xx_StdPeriph_Driver\src\stm32f4xx_fmc.c(133): warning:  #223-D: function "assert_param" declared implicitly
    assert_param(IS_FMC_NORSRAM_BANK(FMC_Bank));
Libraries\STM32F4xx_StdPeriph_Driver\src\stm32f4xx_fmc.c(162): warning:  #223-D: function "assert_param" declared implicitly
    assert_param(IS_FMC_NORSRAM_BANK(FMC_NORSRAMInitStruct->FMC_Bank));
Libraries\STM32F4xx_StdPeriph_Driver\src\stm32f4xx_fmc.c(304): warning:  #223-D: function "assert_param" declared implicitly
    assert_param(IS_FMC_NORSRAM_BANK(FMC_Bank));
Libraries\STM32F4xx_StdPeriph_Driver\src\stm32f4xx_fmc.c(378): warning:  #223-D: function "assert_param" declared implicitly
    assert_param(IS_FMC_NAND_BANK(FMC_Bank));
Libraries\STM32F4xx_StdPeriph_Driver\src\stm32f4xx_fmc.c(411): warning:  #223-D: function "assert_param" declared implicitly
    assert_param(IS_FMC_NAND_BANK(FMC_NANDInitStruct->FMC_Bank));
Libraries\STM32F4xx_StdPeriph_Driver\src\stm32f4xx_fmc.c(502): warning:  #223-D: function "assert_param" declared implicitly
    assert_param(IS_FMC_NAND_BANK(FMC_Bank));
Libraries\STM32F4xx_StdPeriph_Driver\src\stm32f4xx_fmc.c(542): warning:  #223-D: function "assert_param" declared implicitly
    assert_param(IS_FMC_NAND_BANK(FMC_Bank));
Libraries\STM32F4xx_StdPeriph_Driver\src\stm32f4xx_fmc.c(663): warning:  #223-D: function "assert_param" declared implicitly
    assert_param(IS_FMC_WAIT_FEATURE(FMC_PCCARDInitStruct->FMC_Waitfeature));
Libraries\STM32F4xx_StdPeriph_Driver\src\stm32f4xx_fmc.c(740): warning:  #223-D: function "assert_param" declared implicitly
    assert_param(IS_FUNCTIONAL_STATE(NewState));
Libraries\STM32F4xx_StdPeriph_Driver\src\stm32f4xx_fmc.c(813): warning:  #223-D: function "assert_param" declared implicitly
    assert_param(IS_FMC_SDRAM_BANK(FMC_Bank));
Libraries\STM32F4xx_StdPeriph_Driver\src\stm32f4xx_fmc.c(841): warning:  #223-D: function "assert_param" declared implicitly
    assert_param(IS_FMC_SDRAM_BANK(FMC_SDRAMInitStruct->FMC_Bank));
Libraries\STM32F4xx_StdPeriph_Driver\src\stm32f4xx_fmc.c(955): warning:  #223-D: function "assert_param" declared implicitly
    assert_param(IS_FMC_COMMAND_MODE(FMC_SDRAMCommandStruct->FMC_CommandMode));
Libraries\STM32F4xx_StdPeriph_Driver\src\stm32f4xx_fmc.c(981): warning:  #223-D: function "assert_param" declared implicitly
    assert_param(IS_FMC_SDRAM_BANK(SDRAM_Bank));
Libraries\STM32F4xx_StdPeriph_Driver\src\stm32f4xx_fmc.c(1005): warning:  #223-D: function "assert_param" declared implicitly
    assert_param(IS_FMC_REFRESH_COUNT(FMC_Count));
Libraries\STM32F4xx_StdPeriph_Driver\src\stm32f4xx_fmc.c(1019): warning:  #223-D: function "assert_param" declared implicitly
    assert_param(IS_FMC_AUTOREFRESH_NUMBER(FMC_Number));
Libraries\STM32F4xx_StdPeriph_Driver\src\stm32f4xx_fmc.c(1035): warning:  #223-D: function "assert_param" declared implicitly
    assert_param(IS_FUNCTIONAL_STATE(NewState));
Libraries\STM32F4xx_StdPeriph_Driver\src\stm32f4xx_fmc.c(1086): warning:  #223-D: function "assert_param" declared implicitly
    assert_param(IS_FMC_IT_BANK(FMC_Bank));
Libraries\STM32F4xx_StdPeriph_Driver\src\stm32f4xx_fmc.c(1167): warning:  #223-D: function "assert_param" declared implicitly
    assert_param(IS_FMC_GETFLAG_BANK(FMC_Bank));
Libraries\STM32F4xx_StdPeriph_Driver\src\stm32f4xx_fmc.c(1220): warning:  #223-D: function "assert_param" declared implicitly
    assert_param(IS_FMC_GETFLAG_BANK(FMC_Bank));
Libraries\STM32F4xx_StdPeriph_Driver\src\stm32f4xx_fmc.c(1269): warning:  #223-D: function "assert_param" declared implicitly
    assert_param(IS_FMC_IT_BANK(FMC_Bank));
Libraries\STM32F4xx_StdPeriph_Driver\src\stm32f4xx_fmc.c(1335): warning:  #223-D: function "assert_param" declared implicitly
    assert_param(IS_FMC_IT_BANK(FMC_Bank));
Libraries\STM32F4xx_StdPeriph_Driver\src\stm32f4xx_fmc.c: 21 warnings, 0 errors
compiling stm32f4xx_fsmc.c...
Libraries\STM32F4xx_StdPeriph_Driver\src\stm32f4xx_fsmc.c(124): warning:  #223-D: function "assert_param" declared implicitly
    assert_param(IS_FSMC_NORSRAM_BANK(FSMC_Bank));
Libraries\STM32F4xx_StdPeriph_Driver\src\stm32f4xx_fsmc.c(129): error:  #20: identifier "FSMC_Bank1" is undefined
      FSMC_Bank1->BTCR[FSMC_Bank] = 0x000030DB;    
Libraries\STM32F4xx_StdPeriph_Driver\src\stm32f4xx_fsmc.c(134): error:  #20: identifier "FSMC_Bank1" is undefined
      FSMC_Bank1->BTCR[FSMC_Bank] = 0x000030D2; 
Libraries\STM32F4xx_StdPeriph_Driver\src\stm32f4xx_fsmc.c(136): error:  #20: identifier "FSMC_Bank1" is undefined
    FSMC_Bank1->BTCR[FSMC_Bank + 1] = 0x0FFFFFFF;
Libraries\STM32F4xx_StdPeriph_Driver\src\stm32f4xx_fsmc.c(137): error:  #20: identifier "FSMC_Bank1E" is undefined
    FSMC_Bank1E->BWTR[FSMC_Bank] = 0x0FFFFFFF;  
Libraries\STM32F4xx_StdPeriph_Driver\src\stm32f4xx_fsmc.c(151): warning:  #223-D: function "assert_param" declared implicitly
    assert_param(IS_FSMC_NORSRAM_BANK(FSMC_NORSRAMInitStruct->FSMC_Bank));
Libraries\STM32F4xx_StdPeriph_Driver\src\stm32f4xx_fsmc.c(173): error:  #20: identifier "FSMC_Bank1" is undefined
    FSMC_Bank1->BTCR[FSMC_NORSRAMInitStruct->FSMC_Bank] = 
Libraries\STM32F4xx_StdPeriph_Driver\src\stm32f4xx_fsmc.c(210): error:  #20: identifier "FSMC_Bank1E" is undefined
      FSMC_Bank1E->BWTR[FSMC_NORSRAMInitStruct->FSMC_Bank] = 
Libraries\STM32F4xx_StdPeriph_Driver\src\stm32f4xx_fsmc.c(220): error:  #20: identifier "FSMC_Bank1E" is undefined
      FSMC_Bank1E->BWTR[FSMC_NORSRAMInitStruct->FSMC_Bank] = 0x0FFFFFFF;
Libraries\STM32F4xx_StdPeriph_Driver\src\stm32f4xx_fsmc.c(275): warning:  #223-D: function "assert_param" declared implicitly
    assert_param(IS_FSMC_NORSRAM_BANK(FSMC_Bank));
Libraries\STM32F4xx_StdPeriph_Driver\src\stm32f4xx_fsmc.c(281): error:  #20: identifier "FSMC_Bank1" is undefined
      FSMC_Bank1->BTCR[FSMC_Bank] |= BCR_MBKEN_SET;
Libraries\STM32F4xx_StdPeriph_Driver\src\stm32f4xx_fsmc.c(286): error:  #20: identifier "FSMC_Bank1" is undefined
      FSMC_Bank1->BTCR[FSMC_Bank] &= BCR_MBKEN_RESET;
Libraries\STM32F4xx_StdPeriph_Driver\src\stm32f4xx_fsmc.c(349): warning:  #223-D: function "assert_param" declared implicitly
    assert_param(IS_FSMC_NAND_BANK(FSMC_Bank));
Libraries\STM32F4xx_StdPeriph_Driver\src\stm32f4xx_fsmc.c(354): error:  #20: identifier "FSMC_Bank2" is undefined
      FSMC_Bank2->PCR2 = 0x00000018;
Libraries\STM32F4xx_StdPeriph_Driver\src\stm32f4xx_fsmc.c(363): error:  #20: identifier "FSMC_Bank3" is undefined
      FSMC_Bank3->PCR3 = 0x00000018;
Libraries\STM32F4xx_StdPeriph_Driver\src\stm32f4xx_fsmc.c(382): warning:  #223-D: function "assert_param" declared implicitly
    assert_param( IS_FSMC_NAND_BANK(FSMC_NANDInitStruct->FSMC_Bank));
Libraries\STM32F4xx_StdPeriph_Driver\src\stm32f4xx_fsmc.c(422): error:  #20: identifier "FSMC_Bank2" is undefined
      FSMC_Bank2->PCR2 = tmppcr;
Libraries\STM32F4xx_StdPeriph_Driver\src\stm32f4xx_fsmc.c(429): error:  #20: identifier "FSMC_Bank3" is undefined
      FSMC_Bank3->PCR3 = tmppcr;
Libraries\STM32F4xx_StdPeriph_Driver\src\stm32f4xx_fsmc.c(473): warning:  #223-D: function "assert_param" declared implicitly
    assert_param(IS_FSMC_NAND_BANK(FSMC_Bank));
Libraries\STM32F4xx_StdPeriph_Driver\src\stm32f4xx_fsmc.c(481): error:  #20: identifier "FSMC_Bank2" is undefined
        FSMC_Bank2->PCR2 |= PCR_PBKEN_SET;
Libraries\STM32F4xx_StdPeriph_Driver\src\stm32f4xx_fsmc.c(485): error:  #20: identifier "FSMC_Bank3" is undefined
        FSMC_Bank3->PCR3 |= PCR_PBKEN_SET;
Libraries\STM32F4xx_StdPeriph_Driver\src\stm32f4xx_fsmc.c(493): error:  #20: identifier "FSMC_Bank2" is undefined
        FSMC_Bank2->PCR2 &= PCR_PBKEN_RESET;
Libraries\STM32F4xx_StdPeriph_Driver\src\stm32f4xx_fsmc.c(497): error:  #20: identifier "FSMC_Bank3" is undefined
        FSMC_Bank3->PCR3 &= PCR_PBKEN_RESET;
Libraries\STM32F4xx_StdPeriph_Driver\src\stm32f4xx_fsmc.c(513): warning:  #223-D: function "assert_param" declared implicitly
    assert_param(IS_FSMC_NAND_BANK(FSMC_Bank));
Libraries\STM32F4xx_StdPeriph_Driver\src\stm32f4xx_fsmc.c(521): error:  #20: identifier "FSMC_Bank2" is undefined
        FSMC_Bank2->PCR2 |= PCR_ECCEN_SET;
Libraries\STM32F4xx_StdPeriph_Driver\src\stm32f4xx_fsmc.c(525): error:  #20: identifier "FSMC_Bank3" is undefined
        FSMC_Bank3->PCR3 |= PCR_ECCEN_SET;
Libraries\STM32F4xx_StdPeriph_Driver\src\stm32f4xx_fsmc.c(533): error:  #20: identifier "FSMC_Bank2" is undefined
        FSMC_Bank2->PCR2 &= PCR_ECCEN_RESET;
Libraries\STM32F4xx_StdPeriph_Driver\src\stm32f4xx_fsmc.c(537): error:  #20: identifier "FSMC_Bank3" is undefined
        FSMC_Bank3->PCR3 &= PCR_ECCEN_RESET;
Libraries\STM32F4xx_StdPeriph_Driver\src\stm32f4xx_fsmc.c(557): error:  #20: identifier "FSMC_Bank2" is undefined
      eccval = FSMC_Bank2->ECCR2;
Libraries\STM32F4xx_StdPeriph_Driver\src\stm32f4xx_fsmc.c(562): error:  #20: identifier "FSMC_Bank3" is undefined
      eccval = FSMC_Bank3->ECCR3;
Libraries\STM32F4xx_StdPeriph_Driver\src\stm32f4xx_fsmc.c(617): error:  #20: identifier "FSMC_Bank4" is undefined
    FSMC_Bank4->PCR4 = 0x00000018; 
Libraries\STM32F4xx_StdPeriph_Driver\src\stm32f4xx_fsmc.c(634): warning:  #223-D: function "assert_param" declared implicitly
    assert_param(IS_FSMC_WAIT_FEATURE(FSMC_PCCARDInitStruct->FSMC_Waitfeature));
Libraries\STM32F4xx_StdPeriph_Driver\src\stm32f4xx_fsmc.c(653): error:  #20: identifier "FSMC_Bank4" is undefined
    FSMC_Bank4->PCR4 = (uint32_t)FSMC_PCCARDInitStruct->FSMC_Waitfeature |
Libraries\STM32F4xx_StdPeriph_Driver\src\stm32f4xx_fsmc.c(711): warning:  #223-D: function "assert_param" declared implicitly
    assert_param(IS_FUNCTIONAL_STATE(NewState));
Libraries\STM32F4xx_StdPeriph_Driver\src\stm32f4xx_fsmc.c(716): error:  #20: identifier "FSMC_Bank4" is undefined
      FSMC_Bank4->PCR4 |= PCR_PBKEN_SET;
Libraries\STM32F4xx_StdPeriph_Driver\src\stm32f4xx_fsmc.c(721): error:  #20: identifier "FSMC_Bank4" is undefined
      FSMC_Bank4->PCR4 &= PCR_PBKEN_RESET;
Libraries\STM32F4xx_StdPeriph_Driver\src\stm32f4xx_fsmc.c(758): warning:  #223-D: function "assert_param" declared implicitly
    assert_param(IS_FSMC_IT_BANK(FSMC_Bank));
Libraries\STM32F4xx_StdPeriph_Driver\src\stm32f4xx_fsmc.c(767): error:  #20: identifier "FSMC_Bank2" is undefined
        FSMC_Bank2->SR2 |= FSMC_IT;
Libraries\STM32F4xx_StdPeriph_Driver\src\stm32f4xx_fsmc.c(772): error:  #20: identifier "FSMC_Bank3" is undefined
        FSMC_Bank3->SR3 |= FSMC_IT;
Libraries\STM32F4xx_StdPeriph_Driver\src\stm32f4xx_fsmc.c(777): error:  #20: identifier "FSMC_Bank4" is undefined
        FSMC_Bank4->SR4 |= FSMC_IT;    
Libraries\STM32F4xx_StdPeriph_Driver\src\stm32f4xx_fsmc.c: 10 warnings, 30 errors
compiling stm32f4xx_gpio.c...
Libraries\STM32F4xx_StdPeriph_Driver\src\stm32f4xx_gpio.c(130): warning:  #223-D: function "assert_param" declared implicitly
    assert_param(IS_GPIO_ALL_PERIPH(GPIOx));
Libraries\STM32F4xx_StdPeriph_Driver\src\stm32f4xx_gpio.c(207): warning:  #223-D: function "assert_param" declared implicitly
    assert_param(IS_GPIO_ALL_PERIPH(GPIOx));
Libraries\STM32F4xx_StdPeriph_Driver\src\stm32f4xx_gpio.c(282): warning:  #223-D: function "assert_param" declared implicitly
    assert_param(IS_GPIO_ALL_PERIPH(GPIOx));
Libraries\STM32F4xx_StdPeriph_Driver\src\stm32f4xx_gpio.c(328): warning:  #223-D: function "assert_param" declared implicitly
    assert_param(IS_GPIO_ALL_PERIPH(GPIOx));
Libraries\STM32F4xx_StdPeriph_Driver\src\stm32f4xx_gpio.c(352): warning:  #223-D: function "assert_param" declared implicitly
    assert_param(IS_GPIO_ALL_PERIPH(GPIOx));
Libraries\STM32F4xx_StdPeriph_Driver\src\stm32f4xx_gpio.c(371): warning:  #223-D: function "assert_param" declared implicitly
    assert_param(IS_GPIO_ALL_PERIPH(GPIOx));
Libraries\STM32F4xx_StdPeriph_Driver\src\stm32f4xx_gpio.c(395): warning:  #223-D: function "assert_param" declared implicitly
    assert_param(IS_GPIO_ALL_PERIPH(GPIOx));
Libraries\STM32F4xx_StdPeriph_Driver\src\stm32f4xx_gpio.c(415): warning:  #223-D: function "assert_param" declared implicitly
    assert_param(IS_GPIO_ALL_PERIPH(GPIOx));
Libraries\STM32F4xx_StdPeriph_Driver\src\stm32f4xx_gpio.c(436): warning:  #223-D: function "assert_param" declared implicitly
    assert_param(IS_GPIO_ALL_PERIPH(GPIOx));
Libraries\STM32F4xx_StdPeriph_Driver\src\stm32f4xx_gpio.c(458): warning:  #223-D: function "assert_param" declared implicitly
    assert_param(IS_GPIO_ALL_PERIPH(GPIOx));
Libraries\STM32F4xx_StdPeriph_Driver\src\stm32f4xx_gpio.c(483): warning:  #223-D: function "assert_param" declared implicitly
    assert_param(IS_GPIO_ALL_PERIPH(GPIOx));
Libraries\STM32F4xx_StdPeriph_Driver\src\stm32f4xx_gpio.c(499): warning:  #223-D: function "assert_param" declared implicitly
    assert_param(IS_GPIO_ALL_PERIPH(GPIOx));
Libraries\STM32F4xx_StdPeriph_Driver\src\stm32f4xx_gpio.c(585): warning:  #223-D: function "assert_param" declared implicitly
    assert_param(IS_GPIO_ALL_PERIPH(GPIOx));
Libraries\STM32F4xx_StdPeriph_Driver\src\stm32f4xx_gpio.c: 13 warnings, 0 errors
compiling stm32f4xx_hash.c...
Libraries\STM32F4xx_StdPeriph_Driver\src\stm32f4xx_hash.c(194): warning:  #223-D: function "assert_param" declared implicitly
    assert_param(IS_HASH_ALGOSELECTION(HASH_InitStruct->HASH_AlgoSelection));
Libraries\STM32F4xx_StdPeriph_Driver\src\stm32f4xx_hash.c(294): warning:  #223-D: function "assert_param" declared implicitly
    assert_param(IS_HASH_VALIDBITSNUMBER(ValidNumber));
Libraries\STM32F4xx_StdPeriph_Driver\src\stm32f4xx_hash.c(468): warning:  #223-D: function "assert_param" declared implicitly
    assert_param(IS_FUNCTIONAL_STATE(NewState));
Libraries\STM32F4xx_StdPeriph_Driver\src\stm32f4xx_hash.c(492): warning:  #223-D: function "assert_param" declared implicitly
    assert_param(IS_FUNCTIONAL_STATE(NewState));
Libraries\STM32F4xx_StdPeriph_Driver\src\stm32f4xx_hash.c(584): warning:  #223-D: function "assert_param" declared implicitly
    assert_param(IS_HASH_IT(HASH_IT));
Libraries\STM32F4xx_StdPeriph_Driver\src\stm32f4xx_hash.c(616): warning:  #223-D: function "assert_param" declared implicitly
    assert_param(IS_HASH_GET_FLAG(HASH_FLAG));
Libraries\STM32F4xx_StdPeriph_Driver\src\stm32f4xx_hash.c(654): warning:  #223-D: function "assert_param" declared implicitly
    assert_param(IS_HASH_CLEAR_FLAG(HASH_FLAG));
Libraries\STM32F4xx_StdPeriph_Driver\src\stm32f4xx_hash.c(673): warning:  #223-D: function "assert_param" declared implicitly
    assert_param(IS_HASH_GET_IT(HASH_IT));  
Libraries\STM32F4xx_StdPeriph_Driver\src\stm32f4xx_hash.c(704): warning:  #223-D: function "assert_param" declared implicitly
    assert_param(IS_HASH_IT(HASH_IT));
Libraries\STM32F4xx_StdPeriph_Driver\src\stm32f4xx_hash.c: 9 warnings, 0 errors
compiling stm32f4xx_hash_md5.c...
compiling stm32f4xx_hash_sha1.c...
compiling stm32f4xx_i2c.c...
Libraries\STM32F4xx_StdPeriph_Driver\src\stm32f4xx_i2c.c(140): warning:  #223-D: function "assert_param" declared implicitly
    assert_param(IS_I2C_ALL_PERIPH(I2Cx));
Libraries\STM32F4xx_StdPeriph_Driver\src\stm32f4xx_i2c.c(187): warning:  #223-D: function "assert_param" declared implicitly
    assert_param(IS_I2C_ALL_PERIPH(I2Cx));
Libraries\STM32F4xx_StdPeriph_Driver\src\stm32f4xx_i2c.c(316): warning:  #223-D: function "assert_param" declared implicitly
    assert_param(IS_I2C_ALL_PERIPH(I2Cx));
Libraries\STM32F4xx_StdPeriph_Driver\src\stm32f4xx_i2c.c(345): warning:  #223-D: function "assert_param" declared implicitly
    assert_param(IS_I2C_ALL_PERIPH(I2Cx));
Libraries\STM32F4xx_StdPeriph_Driver\src\stm32f4xx_i2c.c(376): warning:  #223-D: function "assert_param" declared implicitly
    assert_param(IS_I2C_ALL_PERIPH(I2Cx));
Libraries\STM32F4xx_StdPeriph_Driver\src\stm32f4xx_i2c.c(402): warning:  #223-D: function "assert_param" declared implicitly
    assert_param(IS_I2C_ALL_PERIPH(I2Cx));
Libraries\STM32F4xx_StdPeriph_Driver\src\stm32f4xx_i2c.c(426): warning:  #223-D: function "assert_param" declared implicitly
    assert_param(IS_I2C_ALL_PERIPH(I2Cx));
Libraries\STM32F4xx_StdPeriph_Driver\src\stm32f4xx_i2c.c(454): warning:  #223-D: function "assert_param" declared implicitly
    assert_param(IS_I2C_ALL_PERIPH(I2Cx));
Libraries\STM32F4xx_StdPeriph_Driver\src\stm32f4xx_i2c.c(481): warning:  #223-D: function "assert_param" declared implicitly
    assert_param(IS_I2C_ALL_PERIPH(I2Cx));
Libraries\STM32F4xx_StdPeriph_Driver\src\stm32f4xx_i2c.c(506): warning:  #223-D: function "assert_param" declared implicitly
    assert_param(IS_I2C_ALL_PERIPH(I2Cx));
Libraries\STM32F4xx_StdPeriph_Driver\src\stm32f4xx_i2c.c(531): warning:  #223-D: function "assert_param" declared implicitly
    assert_param(IS_I2C_ALL_PERIPH(I2Cx));
Libraries\STM32F4xx_StdPeriph_Driver\src\stm32f4xx_i2c.c(555): warning:  #223-D: function "assert_param" declared implicitly
    assert_param(IS_I2C_ALL_PERIPH(I2Cx));
Libraries\STM32F4xx_StdPeriph_Driver\src\stm32f4xx_i2c.c(581): warning:  #223-D: function "assert_param" declared implicitly
    assert_param(IS_I2C_ALL_PERIPH(I2Cx));
Libraries\STM32F4xx_StdPeriph_Driver\src\stm32f4xx_i2c.c(605): warning:  #223-D: function "assert_param" declared implicitly
    assert_param(IS_I2C_ALL_PERIPH(I2Cx));
Libraries\STM32F4xx_StdPeriph_Driver\src\stm32f4xx_i2c.c(631): warning:  #223-D: function "assert_param" declared implicitly
    assert_param(IS_I2C_ALL_PERIPH(I2Cx));
Libraries\STM32F4xx_StdPeriph_Driver\src\stm32f4xx_i2c.c(669): warning:  #223-D: function "assert_param" declared implicitly
    assert_param(IS_I2C_ALL_PERIPH(I2Cx));
Libraries\STM32F4xx_StdPeriph_Driver\src\stm32f4xx_i2c.c(697): warning:  #223-D: function "assert_param" declared implicitly
    assert_param(IS_I2C_ALL_PERIPH(I2Cx));
Libraries\STM32F4xx_StdPeriph_Driver\src\stm32f4xx_i2c.c(721): warning:  #223-D: function "assert_param" declared implicitly
    assert_param(IS_I2C_ALL_PERIPH(I2Cx));
Libraries\STM32F4xx_StdPeriph_Driver\src\stm32f4xx_i2c.c(759): warning:  #223-D: function "assert_param" declared implicitly
    assert_param(IS_I2C_ALL_PERIPH(I2Cx));
Libraries\STM32F4xx_StdPeriph_Driver\src\stm32f4xx_i2c.c(772): warning:  #223-D: function "assert_param" declared implicitly
    assert_param(IS_I2C_ALL_PERIPH(I2Cx));
Libraries\STM32F4xx_StdPeriph_Driver\src\stm32f4xx_i2c.c(803): warning:  #223-D: function "assert_param" declared implicitly
    assert_param(IS_I2C_ALL_PERIPH(I2Cx));
Libraries\STM32F4xx_StdPeriph_Driver\src\stm32f4xx_i2c.c(834): warning:  #223-D: function "assert_param" declared implicitly
    assert_param(IS_I2C_ALL_PERIPH(I2Cx));
Libraries\STM32F4xx_StdPeriph_Driver\src\stm32f4xx_i2c.c(858): warning:  #223-D: function "assert_param" declared implicitly
    assert_param(IS_I2C_ALL_PERIPH(I2Cx));
Libraries\STM32F4xx_StdPeriph_Driver\src\stm32f4xx_i2c.c(880): warning:  #223-D: function "assert_param" declared implicitly
    assert_param(IS_I2C_ALL_PERIPH(I2Cx));
Libraries\STM32F4xx_StdPeriph_Driver\src\stm32f4xx_i2c.c(913): warning:  #223-D: function "assert_param" declared implicitly
    assert_param(IS_I2C_ALL_PERIPH(I2Cx));
Libraries\STM32F4xx_StdPeriph_Driver\src\stm32f4xx_i2c.c(937): warning:  #223-D: function "assert_param" declared implicitly
    assert_param(IS_I2C_ALL_PERIPH(I2Cx));
Libraries\STM32F4xx_StdPeriph_Driver\src\stm32f4xx_i2c.c(1077): warning:  #223-D: function "assert_param" declared implicitly
    assert_param(IS_I2C_ALL_PERIPH(I2Cx));
Libraries\STM32F4xx_StdPeriph_Driver\src\stm32f4xx_i2c.c(1102): warning:  #223-D: function "assert_param" declared implicitly
    assert_param(IS_I2C_ALL_PERIPH(I2Cx));
Libraries\STM32F4xx_StdPeriph_Driver\src\stm32f4xx_i2c.c(1165): warning:  #223-D: function "assert_param" declared implicitly
    assert_param(IS_I2C_ALL_PERIPH(I2Cx));
Libraries\STM32F4xx_StdPeriph_Driver\src\stm32f4xx_i2c.c(1212): warning:  #223-D: function "assert_param" declared implicitly
    assert_param(IS_I2C_ALL_PERIPH(I2Cx));
Libraries\STM32F4xx_StdPeriph_Driver\src\stm32f4xx_i2c.c(1267): warning:  #223-D: function "assert_param" declared implicitly
    assert_param(IS_I2C_ALL_PERIPH(I2Cx));
Libraries\STM32F4xx_StdPeriph_Driver\src\stm32f4xx_i2c.c(1342): warning:  #223-D: function "assert_param" declared implicitly
    assert_param(IS_I2C_ALL_PERIPH(I2Cx));
Libraries\STM32F4xx_StdPeriph_Driver\src\stm32f4xx_i2c.c(1378): warning:  #223-D: function "assert_param" declared implicitly
    assert_param(IS_I2C_ALL_PERIPH(I2Cx));
Libraries\STM32F4xx_StdPeriph_Driver\src\stm32f4xx_i2c.c(1436): warning:  #223-D: function "assert_param" declared implicitly
    assert_param(IS_I2C_ALL_PERIPH(I2Cx));
Libraries\STM32F4xx_StdPeriph_Driver\src\stm32f4xx_i2c.c: 34 warnings, 0 errors
compiling stm32f4xx_iwdg.c...
Libraries\STM32F4xx_StdPeriph_Driver\src\stm32f4xx_iwdg.c(135): warning:  #223-D: function "assert_param" declared implicitly
    assert_param(IS_IWDG_WRITE_ACCESS(IWDG_WriteAccess));
Libraries\STM32F4xx_StdPeriph_Driver\src\stm32f4xx_iwdg.c(155): warning:  #223-D: function "assert_param" declared implicitly
    assert_param(IS_IWDG_PRESCALER(IWDG_Prescaler));
Libraries\STM32F4xx_StdPeriph_Driver\src\stm32f4xx_iwdg.c(168): warning:  #223-D: function "assert_param" declared implicitly
    assert_param(IS_IWDG_RELOAD(Reload));
Libraries\STM32F4xx_StdPeriph_Driver\src\stm32f4xx_iwdg.c(237): warning:  #223-D: function "assert_param" declared implicitly
    assert_param(IS_IWDG_FLAG(IWDG_FLAG));
Libraries\STM32F4xx_StdPeriph_Driver\src\stm32f4xx_iwdg.c: 4 warnings, 0 errors
compiling stm32f4xx_ltdc.c...
Libraries\STM32F4xx_StdPeriph_Driver\src\stm32f4xx_ltdc.c(150): warning:  #223-D: function "assert_param" declared implicitly
    assert_param(IS_LTDC_HSYNC(LTDC_InitStruct->LTDC_HorizontalSync));
Libraries\STM32F4xx_StdPeriph_Driver\src\stm32f4xx_ltdc.c(235): warning:  #223-D: function "assert_param" declared implicitly
    assert_param(IS_FUNCTIONAL_STATE(NewState));
Libraries\STM32F4xx_StdPeriph_Driver\src\stm32f4xx_ltdc.c(259): warning:  #223-D: function "assert_param" declared implicitly
    assert_param(IS_FUNCTIONAL_STATE(NewState));
Libraries\STM32F4xx_StdPeriph_Driver\src\stm32f4xx_ltdc.c(317): warning:  #223-D: function "assert_param" declared implicitly
    assert_param(IS_LTDC_LIPOS(LTDC_LIPositionConfig));
Libraries\STM32F4xx_StdPeriph_Driver\src\stm32f4xx_ltdc.c(335): warning:  #223-D: function "assert_param" declared implicitly
    assert_param(IS_LTDC_RELOAD(LTDC_Reload));
Libraries\STM32F4xx_StdPeriph_Driver\src\stm32f4xx_ltdc.c(364): warning:  #223-D: function "assert_param" declared implicitly
    assert_param(IS_LTDC_Pixelformat(LTDC_Layer_InitStruct->LTDC_PixelFormat));
Libraries\STM32F4xx_StdPeriph_Driver\src\stm32f4xx_ltdc.c(483): warning:  #223-D: function "assert_param" declared implicitly
    assert_param(IS_FUNCTIONAL_STATE(NewState));
Libraries\STM32F4xx_StdPeriph_Driver\src\stm32f4xx_ltdc.c(546): warning:  #223-D: function "assert_param" declared implicitly
    assert_param(IS_LTDC_GET_CD(LTDC_CD));
Libraries\STM32F4xx_StdPeriph_Driver\src\stm32f4xx_ltdc.c(574): warning:  #223-D: function "assert_param" declared implicitly
    assert_param(IS_FUNCTIONAL_STATE(NewState));
Libraries\STM32F4xx_StdPeriph_Driver\src\stm32f4xx_ltdc.c(628): warning:  #223-D: function "assert_param" declared implicitly
    assert_param(IS_FUNCTIONAL_STATE(NewState));
Libraries\STM32F4xx_StdPeriph_Driver\src\stm32f4xx_ltdc.c(661): warning:  #223-D: function "assert_param" declared implicitly
    assert_param(IS_LTDC_CLUTWR(LTDC_CLUT_InitStruct->LTDC_CLUTAdress));
Libraries\STM32F4xx_StdPeriph_Driver\src\stm32f4xx_ltdc.c(972): warning:  #223-D: function "assert_param" declared implicitly
    assert_param(IS_LTDC_IT(LTDC_IT));
Libraries\STM32F4xx_StdPeriph_Driver\src\stm32f4xx_ltdc.c(1000): warning:  #223-D: function "assert_param" declared implicitly
    assert_param(IS_LTDC_FLAG(LTDC_FLAG));
Libraries\STM32F4xx_StdPeriph_Driver\src\stm32f4xx_ltdc.c(1026): warning:  #223-D: function "assert_param" declared implicitly
    assert_param(IS_LTDC_FLAG(LTDC_FLAG));
Libraries\STM32F4xx_StdPeriph_Driver\src\stm32f4xx_ltdc.c(1047): warning:  #223-D: function "assert_param" declared implicitly
    assert_param(IS_LTDC_IT(LTDC_IT));
Libraries\STM32F4xx_StdPeriph_Driver\src\stm32f4xx_ltdc.c(1083): warning:  #223-D: function "assert_param" declared implicitly
    assert_param(IS_LTDC_IT(LTDC_IT));
Libraries\STM32F4xx_StdPeriph_Driver\src\stm32f4xx_ltdc.c: 16 warnings, 0 errors
compiling stm32f4xx_pwr.c...
Libraries\STM32F4xx_StdPeriph_Driver\src\stm32f4xx_pwr.c(152): warning:  #223-D: function "assert_param" declared implicitly
    assert_param(IS_FUNCTIONAL_STATE(NewState));
Libraries\STM32F4xx_StdPeriph_Driver\src\stm32f4xx_pwr.c(202): warning:  #223-D: function "assert_param" declared implicitly
    assert_param(IS_PWR_PVD_LEVEL(PWR_PVDLevel));
Libraries\STM32F4xx_StdPeriph_Driver\src\stm32f4xx_pwr.c(225): warning:  #223-D: function "assert_param" declared implicitly
    assert_param(IS_FUNCTIONAL_STATE(NewState));
Libraries\STM32F4xx_StdPeriph_Driver\src\stm32f4xx_pwr.c(259): warning:  #223-D: function "assert_param" declared implicitly
    assert_param(IS_FUNCTIONAL_STATE(NewState));
Libraries\STM32F4xx_StdPeriph_Driver\src\stm32f4xx_pwr.c(356): warning:  #223-D: function "assert_param" declared implicitly
    assert_param(IS_FUNCTIONAL_STATE(NewState));
Libraries\STM32F4xx_StdPeriph_Driver\src\stm32f4xx_pwr.c(380): warning:  #223-D: function "assert_param" declared implicitly
    assert_param(IS_PWR_REGULATOR_VOLTAGE(PWR_Regulator_Voltage));
Libraries\STM32F4xx_StdPeriph_Driver\src\stm32f4xx_pwr.c(413): warning:  #223-D: function "assert_param" declared implicitly
    assert_param(IS_FUNCTIONAL_STATE(NewState));
Libraries\STM32F4xx_StdPeriph_Driver\src\stm32f4xx_pwr.c(431): warning:  #223-D: function "assert_param" declared implicitly
    assert_param(IS_FUNCTIONAL_STATE(NewState));
Libraries\STM32F4xx_StdPeriph_Driver\src\stm32f4xx_pwr.c(458): warning:  #223-D: function "assert_param" declared implicitly
    assert_param(IS_FUNCTIONAL_STATE(NewState));
Libraries\STM32F4xx_StdPeriph_Driver\src\stm32f4xx_pwr.c(502): warning:  #223-D: function "assert_param" declared implicitly
    assert_param(IS_FUNCTIONAL_STATE(NewState));
Libraries\STM32F4xx_StdPeriph_Driver\src\stm32f4xx_pwr.c(650): warning:  #223-D: function "assert_param" declared implicitly
    assert_param(IS_PWR_REGULATOR(PWR_Regulator));
Libraries\STM32F4xx_StdPeriph_Driver\src\stm32f4xx_pwr.c(714): warning:  #223-D: function "assert_param" declared implicitly
    assert_param(IS_PWR_REGULATOR_UNDERDRIVE(PWR_Regulator));
Libraries\STM32F4xx_StdPeriph_Driver\src\stm32f4xx_pwr.c(825): warning:  #223-D: function "assert_param" declared implicitly
    assert_param(IS_PWR_GET_FLAG(PWR_FLAG));
Libraries\STM32F4xx_StdPeriph_Driver\src\stm32f4xx_pwr.c(851): warning:  #223-D: function "assert_param" declared implicitly
    assert_param(IS_PWR_CLEAR_FLAG(PWR_FLAG));
Libraries\STM32F4xx_StdPeriph_Driver\src\stm32f4xx_pwr.c: 14 warnings, 0 errors
compiling stm32f4xx_rcc.c...
Libraries\STM32F4xx_StdPeriph_Driver\src\stm32f4xx_rcc.c(267): warning:  #223-D: function "assert_param" declared implicitly
    assert_param(IS_RCC_HSE(RCC_HSE));
Libraries\STM32F4xx_StdPeriph_Driver\src\stm32f4xx_rcc.c(323): warning:  #223-D: function "assert_param" declared implicitly
    assert_param(IS_RCC_CALIBRATION_VALUE(HSICalibrationValue));
Libraries\STM32F4xx_StdPeriph_Driver\src\stm32f4xx_rcc.c(358): warning:  #223-D: function "assert_param" declared implicitly
    assert_param(IS_FUNCTIONAL_STATE(NewState));
Libraries\STM32F4xx_StdPeriph_Driver\src\stm32f4xx_rcc.c(383): warning:  #223-D: function "assert_param" declared implicitly
    assert_param(IS_RCC_LSE(RCC_LSE));
Libraries\STM32F4xx_StdPeriph_Driver\src\stm32f4xx_rcc.c(423): warning:  #223-D: function "assert_param" declared implicitly
    assert_param(IS_FUNCTIONAL_STATE(NewState));
Libraries\STM32F4xx_StdPeriph_Driver\src\stm32f4xx_rcc.c(466): warning:  #223-D: function "assert_param" declared implicitly
    assert_param(IS_RCC_PLL_SOURCE(RCC_PLLSource));
Libraries\STM32F4xx_StdPeriph_Driver\src\stm32f4xx_rcc.c(489): warning:  #223-D: function "assert_param" declared implicitly
    assert_param(IS_FUNCTIONAL_STATE(NewState));
Libraries\STM32F4xx_StdPeriph_Driver\src\stm32f4xx_rcc.c(555): warning:  #223-D: function "assert_param" declared implicitly
    assert_param(IS_RCC_PLLI2SN_VALUE(PLLI2SN));
Libraries\STM32F4xx_StdPeriph_Driver\src\stm32f4xx_rcc.c(572): warning:  #223-D: function "assert_param" declared implicitly
    assert_param(IS_FUNCTIONAL_STATE(NewState));
Libraries\STM32F4xx_StdPeriph_Driver\src\stm32f4xx_rcc.c(601): warning:  #223-D: function "assert_param" declared implicitly
    assert_param(IS_RCC_PLLSAIN_VALUE(PLLSAIN));
Libraries\STM32F4xx_StdPeriph_Driver\src\stm32f4xx_rcc.c(619): warning:  #223-D: function "assert_param" declared implicitly
    assert_param(IS_FUNCTIONAL_STATE(NewState));
Libraries\STM32F4xx_StdPeriph_Driver\src\stm32f4xx_rcc.c(637): warning:  #223-D: function "assert_param" declared implicitly
    assert_param(IS_FUNCTIONAL_STATE(NewState));
Libraries\STM32F4xx_StdPeriph_Driver\src\stm32f4xx_rcc.c(664): warning:  #223-D: function "assert_param" declared implicitly
    assert_param(IS_RCC_MCO1SOURCE(RCC_MCO1Source));
Libraries\STM32F4xx_StdPeriph_Driver\src\stm32f4xx_rcc.c(702): warning:  #223-D: function "assert_param" declared implicitly
    assert_param(IS_RCC_MCO2SOURCE(RCC_MCO2Source));
Libraries\STM32F4xx_StdPeriph_Driver\src\stm32f4xx_rcc.c(868): warning:  #223-D: function "assert_param" declared implicitly
    assert_param(IS_RCC_SYSCLK_SOURCE(RCC_SYSCLKSource));
Libraries\STM32F4xx_StdPeriph_Driver\src\stm32f4xx_rcc.c(921): warning:  #223-D: function "assert_param" declared implicitly
    assert_param(IS_RCC_HCLK(RCC_SYSCLK));
Libraries\STM32F4xx_StdPeriph_Driver\src\stm32f4xx_rcc.c(953): warning:  #223-D: function "assert_param" declared implicitly
    assert_param(IS_RCC_PCLK(RCC_HCLK));
Libraries\STM32F4xx_StdPeriph_Driver\src\stm32f4xx_rcc.c(984): warning:  #223-D: function "assert_param" declared implicitly
    assert_param(IS_RCC_PCLK(RCC_HCLK));
Libraries\STM32F4xx_StdPeriph_Driver\src\stm32f4xx_rcc.c(1161): warning:  #223-D: function "assert_param" declared implicitly
    assert_param(IS_RCC_RTCCLK_SOURCE(RCC_RTCCLKSource));
Libraries\STM32F4xx_StdPeriph_Driver\src\stm32f4xx_rcc.c(1191): warning:  #223-D: function "assert_param" declared implicitly
    assert_param(IS_FUNCTIONAL_STATE(NewState));
Libraries\STM32F4xx_StdPeriph_Driver\src\stm32f4xx_rcc.c(1208): warning:  #223-D: function "assert_param" declared implicitly
    assert_param(IS_FUNCTIONAL_STATE(NewState));
Libraries\STM32F4xx_StdPeriph_Driver\src\stm32f4xx_rcc.c(1225): warning:  #223-D: function "assert_param" declared implicitly
    assert_param(IS_RCC_I2SCLK_SOURCE(RCC_I2SCLKSource));
Libraries\STM32F4xx_StdPeriph_Driver\src\stm32f4xx_rcc.c(1248): warning:  #223-D: function "assert_param" declared implicitly
    assert_param(IS_RCC_PLLI2S_DIVQ_VALUE(RCC_PLLI2SDivQ));
Libraries\STM32F4xx_StdPeriph_Driver\src\stm32f4xx_rcc.c(1280): warning:  #223-D: function "assert_param" declared implicitly
    assert_param(IS_RCC_PLLSAI_DIVQ_VALUE(RCC_PLLSAIDivQ));
Libraries\STM32F4xx_StdPeriph_Driver\src\stm32f4xx_rcc.c(1316): warning:  #223-D: function "assert_param" declared implicitly
    assert_param(IS_RCC_SAIACLK_SOURCE(RCC_SAIBlockACLKSource));
Libraries\STM32F4xx_StdPeriph_Driver\src\stm32f4xx_rcc.c(1352): warning:  #223-D: function "assert_param" declared implicitly
    assert_param(IS_RCC_SAIBCLK_SOURCE(RCC_SAIBlockBCLKSource));
Libraries\STM32F4xx_StdPeriph_Driver\src\stm32f4xx_rcc.c(1385): warning:  #223-D: function "assert_param" declared implicitly
    assert_param(IS_RCC_PLLSAI_DIVR_VALUE(RCC_PLLSAIDivR));
Libraries\STM32F4xx_StdPeriph_Driver\src\stm32f4xx_rcc.c(1420): warning:  #223-D: function "assert_param" declared implicitly
    assert_param(IS_RCC_TIMCLK_PRESCALER(RCC_TIMCLKPrescaler));
Libraries\STM32F4xx_StdPeriph_Driver\src\stm32f4xx_rcc.c(1463): warning:  #223-D: function "assert_param" declared implicitly
    assert_param(IS_RCC_AHB1_CLOCK_PERIPH(RCC_AHB1Periph));
Libraries\STM32F4xx_StdPeriph_Driver\src\stm32f4xx_rcc.c(1495): warning:  #223-D: function "assert_param" declared implicitly
    assert_param(IS_RCC_AHB2_PERIPH(RCC_AHB2Periph));
Libraries\STM32F4xx_StdPeriph_Driver\src\stm32f4xx_rcc.c(1523): warning:  #223-D: function "assert_param" declared implicitly
    assert_param(IS_RCC_AHB3_PERIPH(RCC_AHB3Periph));  
Libraries\STM32F4xx_StdPeriph_Driver\src\stm32f4xx_rcc.c(1575): warning:  #223-D: function "assert_param" declared implicitly
    assert_param(IS_RCC_APB1_PERIPH(RCC_APB1Periph));  
Libraries\STM32F4xx_StdPeriph_Driver\src\stm32f4xx_rcc.c(1620): warning:  #223-D: function "assert_param" declared implicitly
    assert_param(IS_RCC_APB2_PERIPH(RCC_APB2Periph));
Libraries\STM32F4xx_StdPeriph_Driver\src\stm32f4xx_rcc.c(1662): warning:  #223-D: function "assert_param" declared implicitly
    assert_param(IS_RCC_AHB1_RESET_PERIPH(RCC_AHB1Periph));
Libraries\STM32F4xx_StdPeriph_Driver\src\stm32f4xx_rcc.c(1691): warning:  #223-D: function "assert_param" declared implicitly
    assert_param(IS_RCC_AHB2_PERIPH(RCC_AHB2Periph));
Libraries\STM32F4xx_StdPeriph_Driver\src\stm32f4xx_rcc.c(1716): warning:  #223-D: function "assert_param" declared implicitly
    assert_param(IS_RCC_AHB3_PERIPH(RCC_AHB3Periph));
Libraries\STM32F4xx_StdPeriph_Driver\src\stm32f4xx_rcc.c(1765): warning:  #223-D: function "assert_param" declared implicitly
    assert_param(IS_RCC_APB1_PERIPH(RCC_APB1Periph));
Libraries\STM32F4xx_StdPeriph_Driver\src\stm32f4xx_rcc.c(1806): warning:  #223-D: function "assert_param" declared implicitly
    assert_param(IS_RCC_APB2_RESET_PERIPH(RCC_APB2Periph));
Libraries\STM32F4xx_StdPeriph_Driver\src\stm32f4xx_rcc.c(1855): warning:  #223-D: function "assert_param" declared implicitly
    assert_param(IS_RCC_AHB1_LPMODE_PERIPH(RCC_AHB1Periph));
Libraries\STM32F4xx_StdPeriph_Driver\src\stm32f4xx_rcc.c(1887): warning:  #223-D: function "assert_param" declared implicitly
    assert_param(IS_RCC_AHB2_PERIPH(RCC_AHB2Periph));
Libraries\STM32F4xx_StdPeriph_Driver\src\stm32f4xx_rcc.c(1915): warning:  #223-D: function "assert_param" declared implicitly
    assert_param(IS_RCC_AHB3_PERIPH(RCC_AHB3Periph));
Libraries\STM32F4xx_StdPeriph_Driver\src\stm32f4xx_rcc.c(1967): warning:  #223-D: function "assert_param" declared implicitly
    assert_param(IS_RCC_APB1_PERIPH(RCC_APB1Periph));
Libraries\STM32F4xx_StdPeriph_Driver\src\stm32f4xx_rcc.c(2012): warning:  #223-D: function "assert_param" declared implicitly
    assert_param(IS_RCC_APB2_PERIPH(RCC_APB2Periph));
Libraries\STM32F4xx_StdPeriph_Driver\src\stm32f4xx_rcc.c(2058): warning:  #223-D: function "assert_param" declared implicitly
    assert_param(IS_RCC_IT(RCC_IT));
Libraries\STM32F4xx_StdPeriph_Driver\src\stm32f4xx_rcc.c(2099): warning:  #223-D: function "assert_param" declared implicitly
    assert_param(IS_RCC_FLAG(RCC_FLAG));
Libraries\STM32F4xx_StdPeriph_Driver\src\stm32f4xx_rcc.c(2162): warning:  #223-D: function "assert_param" declared implicitly
    assert_param(IS_RCC_GET_IT(RCC_IT));
Libraries\STM32F4xx_StdPeriph_Driver\src\stm32f4xx_rcc.c(2194): warning:  #223-D: function "assert_param" declared implicitly
    assert_param(IS_RCC_CLEAR_IT(RCC_IT));
Libraries\STM32F4xx_StdPeriph_Driver\src\stm32f4xx_rcc.c: 47 warnings, 0 errors
compiling stm32f4xx_rng.c...
Libraries\STM32F4xx_StdPeriph_Driver\src\stm32f4xx_rng.c(117): warning:  #223-D: function "assert_param" declared implicitly
    assert_param(IS_FUNCTIONAL_STATE(NewState));
Libraries\STM32F4xx_StdPeriph_Driver\src\stm32f4xx_rng.c(270): warning:  #223-D: function "assert_param" declared implicitly
    assert_param(IS_FUNCTIONAL_STATE(NewState));
Libraries\STM32F4xx_StdPeriph_Driver\src\stm32f4xx_rng.c(297): warning:  #223-D: function "assert_param" declared implicitly
    assert_param(IS_RNG_GET_FLAG(RNG_FLAG));
Libraries\STM32F4xx_StdPeriph_Driver\src\stm32f4xx_rng.c(329): warning:  #223-D: function "assert_param" declared implicitly
    assert_param(IS_RNG_CLEAR_FLAG(RNG_FLAG));
Libraries\STM32F4xx_StdPeriph_Driver\src\stm32f4xx_rng.c(346): warning:  #223-D: function "assert_param" declared implicitly
    assert_param(IS_RNG_GET_IT(RNG_IT));
Libraries\STM32F4xx_StdPeriph_Driver\src\stm32f4xx_rng.c(375): warning:  #223-D: function "assert_param" declared implicitly
    assert_param(IS_RNG_IT(RNG_IT));
Libraries\STM32F4xx_StdPeriph_Driver\src\stm32f4xx_rng.c: 6 warnings, 0 errors
compiling stm32f4xx_rtc.c...
Libraries\STM32F4xx_StdPeriph_Driver\src\stm32f4xx_rtc.c(462): warning:  #223-D: function "assert_param" declared implicitly
    assert_param(IS_RTC_HOUR_FORMAT(RTC_InitStruct->RTC_HourFormat));
Libraries\STM32F4xx_StdPeriph_Driver\src\stm32f4xx_rtc.c(528): warning:  #223-D: function "assert_param" declared implicitly
    assert_param(IS_FUNCTIONAL_STATE(NewState));
Libraries\STM32F4xx_StdPeriph_Driver\src\stm32f4xx_rtc.c(667): warning:  #223-D: function "assert_param" declared implicitly
    assert_param(IS_FUNCTIONAL_STATE(NewState));
Libraries\STM32F4xx_StdPeriph_Driver\src\stm32f4xx_rtc.c(713): warning:  #223-D: function "assert_param" declared implicitly
    assert_param(IS_FUNCTIONAL_STATE(NewState));
Libraries\STM32F4xx_StdPeriph_Driver\src\stm32f4xx_rtc.c(771): warning:  #223-D: function "assert_param" declared implicitly
    assert_param(IS_RTC_FORMAT(RTC_Format));
Libraries\STM32F4xx_StdPeriph_Driver\src\stm32f4xx_rtc.c(892): warning:  #223-D: function "assert_param" declared implicitly
    assert_param(IS_RTC_FORMAT(RTC_Format));
Libraries\STM32F4xx_StdPeriph_Driver\src\stm32f4xx_rtc.c(951): warning:  #223-D: function "assert_param" declared implicitly
    assert_param(IS_RTC_FORMAT(RTC_Format));
Libraries\STM32F4xx_StdPeriph_Driver\src\stm32f4xx_rtc.c(1060): warning:  #223-D: function "assert_param" declared implicitly
    assert_param(IS_RTC_FORMAT(RTC_Format));
Libraries\STM32F4xx_StdPeriph_Driver\src\stm32f4xx_rtc.c(1120): warning:  #223-D: function "assert_param" declared implicitly
    assert_param(IS_RTC_FORMAT(RTC_Format));
Libraries\STM32F4xx_StdPeriph_Driver\src\stm32f4xx_rtc.c(1261): warning:  #223-D: function "assert_param" declared implicitly
    assert_param(IS_RTC_FORMAT(RTC_Format));
Libraries\STM32F4xx_StdPeriph_Driver\src\stm32f4xx_rtc.c(1317): warning:  #223-D: function "assert_param" declared implicitly
    assert_param(IS_RTC_CMD_ALARM(RTC_Alarm));
Libraries\STM32F4xx_StdPeriph_Driver\src\stm32f4xx_rtc.c(1409): warning:  #223-D: function "assert_param" declared implicitly
    assert_param(IS_RTC_ALARM(RTC_Alarm));
Libraries\STM32F4xx_StdPeriph_Driver\src\stm32f4xx_rtc.c(1497): warning:  #223-D: function "assert_param" declared implicitly
    assert_param(IS_RTC_WAKEUP_CLOCK(RTC_WakeUpClock));
Libraries\STM32F4xx_StdPeriph_Driver\src\stm32f4xx_rtc.c(1524): warning:  #223-D: function "assert_param" declared implicitly
    assert_param(IS_RTC_WAKEUP_COUNTER(RTC_WakeUpCounter));
Libraries\STM32F4xx_StdPeriph_Driver\src\stm32f4xx_rtc.c(1561): warning:  #223-D: function "assert_param" declared implicitly
    assert_param(IS_FUNCTIONAL_STATE(NewState));
Libraries\STM32F4xx_StdPeriph_Driver\src\stm32f4xx_rtc.c(1634): warning:  #223-D: function "assert_param" declared implicitly
    assert_param(IS_RTC_DAYLIGHT_SAVING(RTC_DayLightSaving));
Libraries\STM32F4xx_StdPeriph_Driver\src\stm32f4xx_rtc.c(1700): warning:  #223-D: function "assert_param" declared implicitly
    assert_param(IS_RTC_OUTPUT(RTC_Output));
Libraries\STM32F4xx_StdPeriph_Driver\src\stm32f4xx_rtc.c(1756): warning:  #223-D: function "assert_param" declared implicitly
    assert_param(IS_RTC_CALIB_SIGN(RTC_CalibSign));
Libraries\STM32F4xx_StdPeriph_Driver\src\stm32f4xx_rtc.c(1797): warning:  #223-D: function "assert_param" declared implicitly
    assert_param(IS_FUNCTIONAL_STATE(NewState));
Libraries\STM32F4xx_StdPeriph_Driver\src\stm32f4xx_rtc.c(1841): warning:  #223-D: function "assert_param" declared implicitly
    assert_param(IS_FUNCTIONAL_STATE(NewState));
Libraries\STM32F4xx_StdPeriph_Driver\src\stm32f4xx_rtc.c(1873): warning:  #223-D: function "assert_param" declared implicitly
    assert_param(IS_RTC_CALIB_OUTPUT(RTC_CalibOutput));
Libraries\STM32F4xx_StdPeriph_Driver\src\stm32f4xx_rtc.c(1914): warning:  #223-D: function "assert_param" declared implicitly
    assert_param(IS_RTC_SMOOTH_CALIB_PERIOD(RTC_SmoothCalibPeriod));
Libraries\STM32F4xx_StdPeriph_Driver\src\stm32f4xx_rtc.c(1987): warning:  #223-D: function "assert_param" declared implicitly
    assert_param(IS_RTC_TIMESTAMP_EDGE(RTC_TimeStampEdge));
Libraries\STM32F4xx_StdPeriph_Driver\src\stm32f4xx_rtc.c(2032): warning:  #223-D: function "assert_param" declared implicitly
    assert_param(IS_RTC_FORMAT(RTC_Format));
Libraries\STM32F4xx_StdPeriph_Driver\src\stm32f4xx_rtc.c(2108): warning:  #223-D: function "assert_param" declared implicitly
    assert_param(IS_RTC_TAMPER(RTC_Tamper)); 
Libraries\STM32F4xx_StdPeriph_Driver\src\stm32f4xx_rtc.c(2134): warning:  #223-D: function "assert_param" declared implicitly
    assert_param(IS_RTC_TAMPER(RTC_Tamper));  
Libraries\STM32F4xx_StdPeriph_Driver\src\stm32f4xx_rtc.c(2165): warning:  #223-D: function "assert_param" declared implicitly
    assert_param(IS_RTC_TAMPER_FILTER(RTC_TamperFilter));
Libraries\STM32F4xx_StdPeriph_Driver\src\stm32f4xx_rtc.c(2199): warning:  #223-D: function "assert_param" declared implicitly
    assert_param(IS_RTC_TAMPER_SAMPLING_FREQ(RTC_TamperSamplingFreq));
Libraries\STM32F4xx_StdPeriph_Driver\src\stm32f4xx_rtc.c(2222): warning:  #223-D: function "assert_param" declared implicitly
    assert_param(IS_RTC_TAMPER_PRECHARGE_DURATION(RTC_TamperPrechargeDuration));
Libraries\STM32F4xx_StdPeriph_Driver\src\stm32f4xx_rtc.c(2242): warning:  #223-D: function "assert_param" declared implicitly
    assert_param(IS_FUNCTIONAL_STATE(NewState));
Libraries\STM32F4xx_StdPeriph_Driver\src\stm32f4xx_rtc.c(2265): warning:  #223-D: function "assert_param" declared implicitly
    assert_param(IS_FUNCTIONAL_STATE(NewState));
Libraries\STM32F4xx_StdPeriph_Driver\src\stm32f4xx_rtc.c(2308): warning:  #223-D: function "assert_param" declared implicitly
    assert_param(IS_RTC_BKP(RTC_BKP_DR));
Libraries\STM32F4xx_StdPeriph_Driver\src\stm32f4xx_rtc.c(2329): warning:  #223-D: function "assert_param" declared implicitly
    assert_param(IS_RTC_BKP(RTC_BKP_DR));
Libraries\STM32F4xx_StdPeriph_Driver\src\stm32f4xx_rtc.c(2366): warning:  #223-D: function "assert_param" declared implicitly
    assert_param(IS_RTC_TAMPER_PIN(RTC_TamperPin));
Libraries\STM32F4xx_StdPeriph_Driver\src\stm32f4xx_rtc.c(2383): warning:  #223-D: function "assert_param" declared implicitly
    assert_param(IS_RTC_TIMESTAMP_PIN(RTC_TimeStampPin));
Libraries\STM32F4xx_StdPeriph_Driver\src\stm32f4xx_rtc.c(2402): warning:  #223-D: function "assert_param" declared implicitly
    assert_param(IS_RTC_OUTPUT_TYPE(RTC_OutputType));
Libraries\STM32F4xx_StdPeriph_Driver\src\stm32f4xx_rtc.c(2443): warning:  #223-D: function "assert_param" declared implicitly
    assert_param(IS_RTC_SHIFT_ADD1S(RTC_ShiftAdd1S));
Libraries\STM32F4xx_StdPeriph_Driver\src\stm32f4xx_rtc.c(2560): warning:  #223-D: function "assert_param" declared implicitly
    assert_param(IS_RTC_CONFIG_IT(RTC_IT));
Libraries\STM32F4xx_StdPeriph_Driver\src\stm32f4xx_rtc.c(2611): warning:  #223-D: function "assert_param" declared implicitly
    assert_param(IS_RTC_GET_FLAG(RTC_FLAG));
Libraries\STM32F4xx_StdPeriph_Driver\src\stm32f4xx_rtc.c(2644): warning:  #223-D: function "assert_param" declared implicitly
    assert_param(IS_RTC_CLEAR_FLAG(RTC_FLAG));
Libraries\STM32F4xx_StdPeriph_Driver\src\stm32f4xx_rtc.c(2667): warning:  #223-D: function "assert_param" declared implicitly
    assert_param(IS_RTC_GET_IT(RTC_IT));
Libraries\STM32F4xx_StdPeriph_Driver\src\stm32f4xx_rtc.c(2706): warning:  #223-D: function "assert_param" declared implicitly
    assert_param(IS_RTC_CLEAR_IT(RTC_IT));
Libraries\STM32F4xx_StdPeriph_Driver\src\stm32f4xx_rtc.c: 42 warnings, 0 errors
compiling stm32f4xx_sai.c...
Libraries\STM32F4xx_StdPeriph_Driver\src\stm32f4xx_sai.c(185): warning:  #223-D: function "assert_param" declared implicitly
    assert_param(IS_SAI_PERIPH(SAIx));
Libraries\STM32F4xx_StdPeriph_Driver\src\stm32f4xx_sai.c(210): warning:  #223-D: function "assert_param" declared implicitly
    assert_param(IS_SAI_BLOCK_PERIPH(SAI_Block_x));
Libraries\STM32F4xx_StdPeriph_Driver\src\stm32f4xx_sai.c(277): warning:  #223-D: function "assert_param" declared implicitly
    assert_param(IS_SAI_BLOCK_PERIPH(SAI_Block_x));
Libraries\STM32F4xx_StdPeriph_Driver\src\stm32f4xx_sai.c(325): warning:  #223-D: function "assert_param" declared implicitly
    assert_param(IS_SAI_BLOCK_PERIPH(SAI_Block_x));
Libraries\STM32F4xx_StdPeriph_Driver\src\stm32f4xx_sai.c(435): warning:  #223-D: function "assert_param" declared implicitly
    assert_param(IS_SAI_BLOCK_PERIPH(SAI_Block_x));
Libraries\STM32F4xx_StdPeriph_Driver\src\stm32f4xx_sai.c(464): warning:  #223-D: function "assert_param" declared implicitly
    assert_param(IS_SAI_BLOCK_PERIPH(SAI_Block_x));
Libraries\STM32F4xx_StdPeriph_Driver\src\stm32f4xx_sai.c(487): warning:  #223-D: function "assert_param" declared implicitly
    assert_param(IS_SAI_BLOCK_PERIPH(SAI_Block_x));
Libraries\STM32F4xx_StdPeriph_Driver\src\stm32f4xx_sai.c(515): warning:  #223-D: function "assert_param" declared implicitly
    assert_param(IS_SAI_BLOCK_PERIPH(SAI_Block_x));
Libraries\STM32F4xx_StdPeriph_Driver\src\stm32f4xx_sai.c(539): warning:  #223-D: function "assert_param" declared implicitly
    assert_param(IS_SAI_BLOCK_PERIPH(SAI_Block_x));
Libraries\STM32F4xx_StdPeriph_Driver\src\stm32f4xx_sai.c(570): warning:  #223-D: function "assert_param" declared implicitly
    assert_param(IS_SAI_BLOCK_PERIPH(SAI_Block_x));
Libraries\STM32F4xx_StdPeriph_Driver\src\stm32f4xx_sai.c(592): warning:  #223-D: function "assert_param" declared implicitly
    assert_param(IS_SAI_BLOCK_PERIPH(SAI_Block_x));
Libraries\STM32F4xx_StdPeriph_Driver\src\stm32f4xx_sai.c(615): warning:  #223-D: function "assert_param" declared implicitly
    assert_param(IS_SAI_BLOCK_PERIPH(SAI_Block_x));
Libraries\STM32F4xx_StdPeriph_Driver\src\stm32f4xx_sai.c(657): warning:  #223-D: function "assert_param" declared implicitly
    assert_param(IS_SAI_BLOCK_PERIPH(SAI_Block_x));
Libraries\STM32F4xx_StdPeriph_Driver\src\stm32f4xx_sai.c(673): warning:  #223-D: function "assert_param" declared implicitly
    assert_param(IS_SAI_BLOCK_PERIPH(SAI_Block_x));
Libraries\STM32F4xx_StdPeriph_Driver\src\stm32f4xx_sai.c(705): warning:  #223-D: function "assert_param" declared implicitly
    assert_param(IS_SAI_BLOCK_PERIPH(SAI_Block_x));
Libraries\STM32F4xx_StdPeriph_Driver\src\stm32f4xx_sai.c(849): warning:  #223-D: function "assert_param" declared implicitly
    assert_param(IS_SAI_BLOCK_PERIPH(SAI_Block_x));
Libraries\STM32F4xx_StdPeriph_Driver\src\stm32f4xx_sai.c(884): warning:  #223-D: function "assert_param" declared implicitly
    assert_param(IS_SAI_BLOCK_PERIPH(SAI_Block_x));
Libraries\STM32F4xx_StdPeriph_Driver\src\stm32f4xx_sai.c(925): warning:  #223-D: function "assert_param" declared implicitly
    assert_param(IS_SAI_BLOCK_PERIPH(SAI_Block_x));
Libraries\STM32F4xx_StdPeriph_Driver\src\stm32f4xx_sai.c(953): warning:  #223-D: function "assert_param" declared implicitly
    assert_param(IS_SAI_BLOCK_PERIPH(SAI_Block_x));
Libraries\STM32F4xx_StdPeriph_Driver\src\stm32f4xx_sai.c(997): warning:  #223-D: function "assert_param" declared implicitly
    assert_param(IS_SAI_BLOCK_PERIPH(SAI_Block_x));
Libraries\STM32F4xx_StdPeriph_Driver\src\stm32f4xx_sai.c(1021): warning:  #223-D: function "assert_param" declared implicitly
    assert_param(IS_SAI_BLOCK_PERIPH(SAI_Block_x));
Libraries\STM32F4xx_StdPeriph_Driver\src\stm32f4xx_sai.c(1054): warning:  #223-D: function "assert_param" declared implicitly
    assert_param(IS_SAI_BLOCK_PERIPH(SAI_Block_x));
Libraries\STM32F4xx_StdPeriph_Driver\src\stm32f4xx_sai.c: 22 warnings, 0 errors
compiling stm32f4xx_sdio.c...
Libraries\STM32F4xx_StdPeriph_Driver\src\stm32f4xx_sdio.c(284): warning:  #223-D: function "assert_param" declared implicitly
    assert_param(IS_SDIO_CLOCK_EDGE(SDIO_InitStruct->SDIO_ClockEdge));
Libraries\STM32F4xx_StdPeriph_Driver\src\stm32f4xx_sdio.c(337): warning:  #223-D: function "assert_param" declared implicitly
    assert_param(IS_FUNCTIONAL_STATE(NewState));
Libraries\STM32F4xx_StdPeriph_Driver\src\stm32f4xx_sdio.c(353): warning:  #223-D: function "assert_param" declared implicitly
    assert_param(IS_SDIO_POWER_STATE(SDIO_PowerState));
Libraries\STM32F4xx_StdPeriph_Driver\src\stm32f4xx_sdio.c(404): warning:  #223-D: function "assert_param" declared implicitly
    assert_param(IS_SDIO_CMD_INDEX(SDIO_CmdInitStruct->SDIO_CmdIndex));
Libraries\STM32F4xx_StdPeriph_Driver\src\stm32f4xx_sdio.c(470): warning:  #223-D: function "assert_param" declared implicitly
    assert_param(IS_SDIO_RESP(SDIO_RESP));
Libraries\STM32F4xx_StdPeriph_Driver\src\stm32f4xx_sdio.c(508): warning:  #223-D: function "assert_param" declared implicitly
    assert_param(IS_SDIO_DATA_LENGTH(SDIO_DataInitStruct->SDIO_DataLength));
Libraries\STM32F4xx_StdPeriph_Driver\src\stm32f4xx_sdio.c(622): warning:  #223-D: function "assert_param" declared implicitly
    assert_param(IS_FUNCTIONAL_STATE(NewState));
Libraries\STM32F4xx_StdPeriph_Driver\src\stm32f4xx_sdio.c(636): warning:  #223-D: function "assert_param" declared implicitly
    assert_param(IS_FUNCTIONAL_STATE(NewState));
Libraries\STM32F4xx_StdPeriph_Driver\src\stm32f4xx_sdio.c(652): warning:  #223-D: function "assert_param" declared implicitly
    assert_param(IS_SDIO_READWAIT_MODE(SDIO_ReadWaitMode));
Libraries\STM32F4xx_StdPeriph_Driver\src\stm32f4xx_sdio.c(666): warning:  #223-D: function "assert_param" declared implicitly
    assert_param(IS_FUNCTIONAL_STATE(NewState));
Libraries\STM32F4xx_StdPeriph_Driver\src\stm32f4xx_sdio.c(680): warning:  #223-D: function "assert_param" declared implicitly
    assert_param(IS_FUNCTIONAL_STATE(NewState));
Libraries\STM32F4xx_StdPeriph_Driver\src\stm32f4xx_sdio.c(712): warning:  #223-D: function "assert_param" declared implicitly
    assert_param(IS_FUNCTIONAL_STATE(NewState));
Libraries\STM32F4xx_StdPeriph_Driver\src\stm32f4xx_sdio.c(726): warning:  #223-D: function "assert_param" declared implicitly
    assert_param(IS_FUNCTIONAL_STATE(NewState));
Libraries\STM32F4xx_StdPeriph_Driver\src\stm32f4xx_sdio.c(740): warning:  #223-D: function "assert_param" declared implicitly
    assert_param(IS_FUNCTIONAL_STATE(NewState));
Libraries\STM32F4xx_StdPeriph_Driver\src\stm32f4xx_sdio.c(772): warning:  #223-D: function "assert_param" declared implicitly
    assert_param(IS_FUNCTIONAL_STATE(NewState));
Libraries\STM32F4xx_StdPeriph_Driver\src\stm32f4xx_sdio.c(830): warning:  #223-D: function "assert_param" declared implicitly
    assert_param(IS_SDIO_IT(SDIO_IT));
Libraries\STM32F4xx_StdPeriph_Driver\src\stm32f4xx_sdio.c(880): warning:  #223-D: function "assert_param" declared implicitly
    assert_param(IS_SDIO_FLAG(SDIO_FLAG));
Libraries\STM32F4xx_StdPeriph_Driver\src\stm32f4xx_sdio.c(915): warning:  #223-D: function "assert_param" declared implicitly
    assert_param(IS_SDIO_CLEAR_FLAG(SDIO_FLAG));
Libraries\STM32F4xx_StdPeriph_Driver\src\stm32f4xx_sdio.c(956): warning:  #223-D: function "assert_param" declared implicitly
    assert_param(IS_SDIO_GET_IT(SDIO_IT));
Libraries\STM32F4xx_StdPeriph_Driver\src\stm32f4xx_sdio.c(990): warning:  #223-D: function "assert_param" declared implicitly
    assert_param(IS_SDIO_CLEAR_IT(SDIO_IT));
Libraries\STM32F4xx_StdPeriph_Driver\src\stm32f4xx_sdio.c: 20 warnings, 0 errors
compiling stm32f4xx_spi.c...
Libraries\STM32F4xx_StdPeriph_Driver\src\stm32f4xx_spi.c(227): warning:  #223-D: function "assert_param" declared implicitly
    assert_param(IS_SPI_ALL_PERIPH(SPIx));
Libraries\STM32F4xx_StdPeriph_Driver\src\stm32f4xx_spi.c(289): warning:  #223-D: function "assert_param" declared implicitly
    assert_param(IS_SPI_ALL_PERIPH(SPIx));
Libraries\STM32F4xx_StdPeriph_Driver\src\stm32f4xx_spi.c(357): warning:  #223-D: function "assert_param" declared implicitly
    assert_param(IS_SPI_23_PERIPH(SPIx));
Libraries\STM32F4xx_StdPeriph_Driver\src\stm32f4xx_spi.c(540): warning:  #223-D: function "assert_param" declared implicitly
    assert_param(IS_SPI_ALL_PERIPH(SPIx));
Libraries\STM32F4xx_StdPeriph_Driver\src\stm32f4xx_spi.c(565): warning:  #223-D: function "assert_param" declared implicitly
    assert_param(IS_SPI_23_PERIPH_EXT(SPIx));
Libraries\STM32F4xx_StdPeriph_Driver\src\stm32f4xx_spi.c(592): warning:  #223-D: function "assert_param" declared implicitly
    assert_param(IS_SPI_ALL_PERIPH(SPIx));
Libraries\STM32F4xx_StdPeriph_Driver\src\stm32f4xx_spi.c(612): warning:  #223-D: function "assert_param" declared implicitly
    assert_param(IS_SPI_ALL_PERIPH(SPIx));
Libraries\STM32F4xx_StdPeriph_Driver\src\stm32f4xx_spi.c(638): warning:  #223-D: function "assert_param" declared implicitly
    assert_param(IS_SPI_ALL_PERIPH(SPIx));
Libraries\STM32F4xx_StdPeriph_Driver\src\stm32f4xx_spi.c(662): warning:  #223-D: function "assert_param" declared implicitly
    assert_param(IS_SPI_ALL_PERIPH(SPIx));
Libraries\STM32F4xx_StdPeriph_Driver\src\stm32f4xx_spi.c(693): warning:  #223-D: function "assert_param" declared implicitly
    assert_param(IS_SPI_ALL_PERIPH(SPIx));
Libraries\STM32F4xx_StdPeriph_Driver\src\stm32f4xx_spi.c(732): warning:  #223-D: function "assert_param" declared implicitly
    assert_param(IS_I2S_EXT_PERIPH(I2Sxext));
Libraries\STM32F4xx_StdPeriph_Driver\src\stm32f4xx_spi.c(804): warning:  #223-D: function "assert_param" declared implicitly
    assert_param(IS_SPI_ALL_PERIPH_EXT(SPIx));
Libraries\STM32F4xx_StdPeriph_Driver\src\stm32f4xx_spi.c(820): warning:  #223-D: function "assert_param" declared implicitly
    assert_param(IS_SPI_ALL_PERIPH_EXT(SPIx));
Libraries\STM32F4xx_StdPeriph_Driver\src\stm32f4xx_spi.c(910): warning:  #223-D: function "assert_param" declared implicitly
    assert_param(IS_SPI_ALL_PERIPH(SPIx));
Libraries\STM32F4xx_StdPeriph_Driver\src\stm32f4xx_spi.c(932): warning:  #223-D: function "assert_param" declared implicitly
    assert_param(IS_SPI_ALL_PERIPH(SPIx));
Libraries\STM32F4xx_StdPeriph_Driver\src\stm32f4xx_spi.c(951): warning:  #223-D: function "assert_param" declared implicitly
    assert_param(IS_SPI_ALL_PERIPH(SPIx));
Libraries\STM32F4xx_StdPeriph_Driver\src\stm32f4xx_spi.c(975): warning:  #223-D: function "assert_param" declared implicitly
    assert_param(IS_SPI_ALL_PERIPH(SPIx));
Libraries\STM32F4xx_StdPeriph_Driver\src\stm32f4xx_spi.c(1012): warning:  #223-D: function "assert_param" declared implicitly
    assert_param(IS_SPI_ALL_PERIPH_EXT(SPIx));
Libraries\STM32F4xx_StdPeriph_Driver\src\stm32f4xx_spi.c(1122): warning:  #223-D: function "assert_param" declared implicitly
    assert_param(IS_SPI_ALL_PERIPH_EXT(SPIx));
Libraries\STM32F4xx_StdPeriph_Driver\src\stm32f4xx_spi.c(1165): warning:  #223-D: function "assert_param" declared implicitly
    assert_param(IS_SPI_ALL_PERIPH_EXT(SPIx));
Libraries\STM32F4xx_StdPeriph_Driver\src\stm32f4xx_spi.c(1205): warning:  #223-D: function "assert_param" declared implicitly
    assert_param(IS_SPI_ALL_PERIPH_EXT(SPIx));
Libraries\STM32F4xx_StdPeriph_Driver\src\stm32f4xx_spi.c(1233): warning:  #223-D: function "assert_param" declared implicitly
    assert_param(IS_SPI_ALL_PERIPH_EXT(SPIx));
Libraries\STM32F4xx_StdPeriph_Driver\src\stm32f4xx_spi.c(1286): warning:  #223-D: function "assert_param" declared implicitly
    assert_param(IS_SPI_ALL_PERIPH_EXT(SPIx));
Libraries\STM32F4xx_StdPeriph_Driver\src\stm32f4xx_spi.c: 23 warnings, 0 errors
compiling stm32f4xx_syscfg.c...
Libraries\STM32F4xx_StdPeriph_Driver\src\stm32f4xx_syscfg.c(121): warning:  #223-D: function "assert_param" declared implicitly
    assert_param(IS_SYSCFG_MEMORY_REMAP_CONFING(SYSCFG_MemoryRemap));
Libraries\STM32F4xx_StdPeriph_Driver\src\stm32f4xx_syscfg.c(142): warning:  #223-D: function "assert_param" declared implicitly
    assert_param(IS_FUNCTIONAL_STATE(NewState));
Libraries\STM32F4xx_StdPeriph_Driver\src\stm32f4xx_syscfg.c(167): warning:  #223-D: function "assert_param" declared implicitly
    assert_param(IS_EXTI_PORT_SOURCE(EXTI_PortSourceGPIOx));
Libraries\STM32F4xx_StdPeriph_Driver\src\stm32f4xx_syscfg.c(185): warning:  #223-D: function "assert_param" declared implicitly
    assert_param(IS_SYSCFG_ETH_MEDIA_INTERFACE(SYSCFG_ETH_MediaInterface)); 
Libraries\STM32F4xx_StdPeriph_Driver\src\stm32f4xx_syscfg.c(203): warning:  #223-D: function "assert_param" declared implicitly
    assert_param(IS_FUNCTIONAL_STATE(NewState));
Libraries\STM32F4xx_StdPeriph_Driver\src\stm32f4xx_syscfg.c: 5 warnings, 0 errors
compiling stm32f4xx_tim.c...
Libraries\STM32F4xx_StdPeriph_Driver\src\stm32f4xx_tim.c(203): warning:  #223-D: function "assert_param" declared implicitly
    assert_param(IS_TIM_ALL_PERIPH(TIMx)); 
Libraries\STM32F4xx_StdPeriph_Driver\src\stm32f4xx_tim.c(293): warning:  #223-D: function "assert_param" declared implicitly
    assert_param(IS_TIM_ALL_PERIPH(TIMx)); 
Libraries\STM32F4xx_StdPeriph_Driver\src\stm32f4xx_tim.c(363): warning:  #223-D: function "assert_param" declared implicitly
    assert_param(IS_TIM_ALL_PERIPH(TIMx));
Libraries\STM32F4xx_StdPeriph_Driver\src\stm32f4xx_tim.c(388): warning:  #223-D: function "assert_param" declared implicitly
    assert_param(IS_TIM_LIST3_PERIPH(TIMx));
Libraries\STM32F4xx_StdPeriph_Driver\src\stm32f4xx_tim.c(412): warning:  #223-D: function "assert_param" declared implicitly
     assert_param(IS_TIM_ALL_PERIPH(TIMx));
Libraries\STM32F4xx_StdPeriph_Driver\src\stm32f4xx_tim.c(427): warning:  #223-D: function "assert_param" declared implicitly
    assert_param(IS_TIM_ALL_PERIPH(TIMx));
Libraries\STM32F4xx_StdPeriph_Driver\src\stm32f4xx_tim.c(441): warning:  #223-D: function "assert_param" declared implicitly
    assert_param(IS_TIM_ALL_PERIPH(TIMx));
Libraries\STM32F4xx_StdPeriph_Driver\src\stm32f4xx_tim.c(455): warning:  #223-D: function "assert_param" declared implicitly
    assert_param(IS_TIM_ALL_PERIPH(TIMx));
Libraries\STM32F4xx_StdPeriph_Driver\src\stm32f4xx_tim.c(471): warning:  #223-D: function "assert_param" declared implicitly
    assert_param(IS_TIM_ALL_PERIPH(TIMx));
Libraries\STM32F4xx_StdPeriph_Driver\src\stm32f4xx_tim.c(500): warning:  #223-D: function "assert_param" declared implicitly
    assert_param(IS_TIM_ALL_PERIPH(TIMx));
Libraries\STM32F4xx_StdPeriph_Driver\src\stm32f4xx_tim.c(525): warning:  #223-D: function "assert_param" declared implicitly
    assert_param(IS_TIM_ALL_PERIPH(TIMx));
Libraries\STM32F4xx_StdPeriph_Driver\src\stm32f4xx_tim.c(552): warning:  #223-D: function "assert_param" declared implicitly
    assert_param(IS_TIM_ALL_PERIPH(TIMx));
Libraries\STM32F4xx_StdPeriph_Driver\src\stm32f4xx_tim.c(575): warning:  #223-D: function "assert_param" declared implicitly
    assert_param(IS_TIM_LIST1_PERIPH(TIMx));
Libraries\STM32F4xx_StdPeriph_Driver\src\stm32f4xx_tim.c(595): warning:  #223-D: function "assert_param" declared implicitly
    assert_param(IS_TIM_ALL_PERIPH(TIMx)); 
Libraries\STM32F4xx_StdPeriph_Driver\src\stm32f4xx_tim.c(678): warning:  #223-D: function "assert_param" declared implicitly
    assert_param(IS_TIM_LIST1_PERIPH(TIMx)); 
Libraries\STM32F4xx_StdPeriph_Driver\src\stm32f4xx_tim.c(759): warning:  #223-D: function "assert_param" declared implicitly
    assert_param(IS_TIM_LIST2_PERIPH(TIMx)); 
Libraries\STM32F4xx_StdPeriph_Driver\src\stm32f4xx_tim.c(840): warning:  #223-D: function "assert_param" declared implicitly
    assert_param(IS_TIM_LIST3_PERIPH(TIMx)); 
Libraries\STM32F4xx_StdPeriph_Driver\src\stm32f4xx_tim.c(920): warning:  #223-D: function "assert_param" declared implicitly
    assert_param(IS_TIM_LIST3_PERIPH(TIMx)); 
Libraries\STM32F4xx_StdPeriph_Driver\src\stm32f4xx_tim.c(1020): warning:  #223-D: function "assert_param" declared implicitly
    assert_param(IS_TIM_LIST1_PERIPH(TIMx));
Libraries\STM32F4xx_StdPeriph_Driver\src\stm32f4xx_tim.c(1063): warning:  #223-D: function "assert_param" declared implicitly
    assert_param(IS_TIM_LIST1_PERIPH(TIMx));
Libraries\STM32F4xx_StdPeriph_Driver\src\stm32f4xx_tim.c(1079): warning:  #223-D: function "assert_param" declared implicitly
    assert_param(IS_TIM_LIST2_PERIPH(TIMx));
Libraries\STM32F4xx_StdPeriph_Driver\src\stm32f4xx_tim.c(1094): warning:  #223-D: function "assert_param" declared implicitly
    assert_param(IS_TIM_LIST3_PERIPH(TIMx));
Libraries\STM32F4xx_StdPeriph_Driver\src\stm32f4xx_tim.c(1109): warning:  #223-D: function "assert_param" declared implicitly
    assert_param(IS_TIM_LIST3_PERIPH(TIMx));
Libraries\STM32F4xx_StdPeriph_Driver\src\stm32f4xx_tim.c(1129): warning:  #223-D: function "assert_param" declared implicitly
    assert_param(IS_TIM_LIST1_PERIPH(TIMx));
Libraries\STM32F4xx_StdPeriph_Driver\src\stm32f4xx_tim.c(1158): warning:  #223-D: function "assert_param" declared implicitly
    assert_param(IS_TIM_LIST2_PERIPH(TIMx));
Libraries\STM32F4xx_StdPeriph_Driver\src\stm32f4xx_tim.c(1186): warning:  #223-D: function "assert_param" declared implicitly
    assert_param(IS_TIM_LIST3_PERIPH(TIMx));
Libraries\STM32F4xx_StdPeriph_Driver\src\stm32f4xx_tim.c(1215): warning:  #223-D: function "assert_param" declared implicitly
    assert_param(IS_TIM_LIST3_PERIPH(TIMx));
Libraries\STM32F4xx_StdPeriph_Driver\src\stm32f4xx_tim.c(1243): warning:  #223-D: function "assert_param" declared implicitly
    assert_param(IS_TIM_LIST1_PERIPH(TIMx));
Libraries\STM32F4xx_StdPeriph_Driver\src\stm32f4xx_tim.c(1273): warning:  #223-D: function "assert_param" declared implicitly
    assert_param(IS_TIM_LIST2_PERIPH(TIMx));
Libraries\STM32F4xx_StdPeriph_Driver\src\stm32f4xx_tim.c(1302): warning:  #223-D: function "assert_param" declared implicitly
    assert_param(IS_TIM_LIST3_PERIPH(TIMx));
Libraries\STM32F4xx_StdPeriph_Driver\src\stm32f4xx_tim.c(1331): warning:  #223-D: function "assert_param" declared implicitly
    assert_param(IS_TIM_LIST3_PERIPH(TIMx));
Libraries\STM32F4xx_StdPeriph_Driver\src\stm32f4xx_tim.c(1360): warning:  #223-D: function "assert_param" declared implicitly
    assert_param(IS_TIM_LIST1_PERIPH(TIMx));
Libraries\STM32F4xx_StdPeriph_Driver\src\stm32f4xx_tim.c(1391): warning:  #223-D: function "assert_param" declared implicitly
    assert_param(IS_TIM_LIST2_PERIPH(TIMx));
Libraries\STM32F4xx_StdPeriph_Driver\src\stm32f4xx_tim.c(1421): warning:  #223-D: function "assert_param" declared implicitly
    assert_param(IS_TIM_LIST3_PERIPH(TIMx));
Libraries\STM32F4xx_StdPeriph_Driver\src\stm32f4xx_tim.c(1451): warning:  #223-D: function "assert_param" declared implicitly
    assert_param(IS_TIM_LIST3_PERIPH(TIMx));
Libraries\STM32F4xx_StdPeriph_Driver\src\stm32f4xx_tim.c(1481): warning:  #223-D: function "assert_param" declared implicitly
    assert_param(IS_TIM_LIST1_PERIPH(TIMx));
Libraries\STM32F4xx_StdPeriph_Driver\src\stm32f4xx_tim.c(1511): warning:  #223-D: function "assert_param" declared implicitly
    assert_param(IS_TIM_LIST2_PERIPH(TIMx));
Libraries\STM32F4xx_StdPeriph_Driver\src\stm32f4xx_tim.c(1540): warning:  #223-D: function "assert_param" declared implicitly
    assert_param(IS_TIM_LIST3_PERIPH(TIMx));
Libraries\STM32F4xx_StdPeriph_Driver\src\stm32f4xx_tim.c(1569): warning:  #223-D: function "assert_param" declared implicitly
    assert_param(IS_TIM_LIST3_PERIPH(TIMx));
Libraries\STM32F4xx_StdPeriph_Driver\src\stm32f4xx_tim.c(1598): warning:  #223-D: function "assert_param" declared implicitly
    assert_param(IS_TIM_LIST1_PERIPH(TIMx));
Libraries\STM32F4xx_StdPeriph_Driver\src\stm32f4xx_tim.c(1624): warning:  #223-D: function "assert_param" declared implicitly
    assert_param(IS_TIM_LIST4_PERIPH(TIMx));
Libraries\STM32F4xx_StdPeriph_Driver\src\stm32f4xx_tim.c(1652): warning:  #223-D: function "assert_param" declared implicitly
    assert_param(IS_TIM_LIST2_PERIPH(TIMx));
Libraries\STM32F4xx_StdPeriph_Driver\src\stm32f4xx_tim.c(1679): warning:  #223-D: function "assert_param" declared implicitly
    assert_param(IS_TIM_LIST4_PERIPH(TIMx));
Libraries\STM32F4xx_StdPeriph_Driver\src\stm32f4xx_tim.c(1706): warning:  #223-D: function "assert_param" declared implicitly
    assert_param(IS_TIM_LIST3_PERIPH(TIMx));
Libraries\STM32F4xx_StdPeriph_Driver\src\stm32f4xx_tim.c(1733): warning:  #223-D: function "assert_param" declared implicitly
    assert_param(IS_TIM_LIST4_PERIPH(TIMx));
Libraries\STM32F4xx_StdPeriph_Driver\src\stm32f4xx_tim.c(1760): warning:  #223-D: function "assert_param" declared implicitly
    assert_param(IS_TIM_LIST3_PERIPH(TIMx));
Libraries\STM32F4xx_StdPeriph_Driver\src\stm32f4xx_tim.c(1791): warning:  #223-D: function "assert_param" declared implicitly
    assert_param(IS_TIM_LIST1_PERIPH(TIMx)); 
Libraries\STM32F4xx_StdPeriph_Driver\src\stm32f4xx_tim.c(1821): warning:  #223-D: function "assert_param" declared implicitly
    assert_param(IS_TIM_LIST4_PERIPH(TIMx));
Libraries\STM32F4xx_StdPeriph_Driver\src\stm32f4xx_tim.c(1903): warning:  #223-D: function "assert_param" declared implicitly
    assert_param(IS_TIM_LIST1_PERIPH(TIMx));
Libraries\STM32F4xx_StdPeriph_Driver\src\stm32f4xx_tim.c(1981): warning:  #223-D: function "assert_param" declared implicitly
    assert_param(IS_TIM_LIST2_PERIPH(TIMx));
Libraries\STM32F4xx_StdPeriph_Driver\src\stm32f4xx_tim.c(2035): warning:  #223-D: function "assert_param" declared implicitly
    assert_param(IS_TIM_LIST1_PERIPH(TIMx));
Libraries\STM32F4xx_StdPeriph_Driver\src\stm32f4xx_tim.c(2050): warning:  #223-D: function "assert_param" declared implicitly
    assert_param(IS_TIM_LIST2_PERIPH(TIMx));
Libraries\STM32F4xx_StdPeriph_Driver\src\stm32f4xx_tim.c(2064): warning:  #223-D: function "assert_param" declared implicitly
    assert_param(IS_TIM_LIST3_PERIPH(TIMx)); 
Libraries\STM32F4xx_StdPeriph_Driver\src\stm32f4xx_tim.c(2078): warning:  #223-D: function "assert_param" declared implicitly
    assert_param(IS_TIM_LIST3_PERIPH(TIMx));
Libraries\STM32F4xx_StdPeriph_Driver\src\stm32f4xx_tim.c(2098): warning:  #223-D: function "assert_param" declared implicitly
    assert_param(IS_TIM_LIST1_PERIPH(TIMx));
Libraries\STM32F4xx_StdPeriph_Driver\src\stm32f4xx_tim.c(2123): warning:  #223-D: function "assert_param" declared implicitly
    assert_param(IS_TIM_LIST2_PERIPH(TIMx));
Libraries\STM32F4xx_StdPeriph_Driver\src\stm32f4xx_tim.c(2147): warning:  #223-D: function "assert_param" declared implicitly
    assert_param(IS_TIM_LIST3_PERIPH(TIMx));
Libraries\STM32F4xx_StdPeriph_Driver\src\stm32f4xx_tim.c(2171): warning:  #223-D: function "assert_param" declared implicitly
    assert_param(IS_TIM_LIST3_PERIPH(TIMx));
Libraries\STM32F4xx_StdPeriph_Driver\src\stm32f4xx_tim.c(2224): warning:  #223-D: function "assert_param" declared implicitly
    assert_param(IS_TIM_LIST4_PERIPH(TIMx));
Libraries\STM32F4xx_StdPeriph_Driver\src\stm32f4xx_tim.c(2268): warning:  #223-D: function "assert_param" declared implicitly
    assert_param(IS_TIM_LIST4_PERIPH(TIMx));
Libraries\STM32F4xx_StdPeriph_Driver\src\stm32f4xx_tim.c(2293): warning:  #223-D: function "assert_param" declared implicitly
    assert_param(IS_TIM_LIST4_PERIPH(TIMx));
Libraries\STM32F4xx_StdPeriph_Driver\src\stm32f4xx_tim.c(2318): warning:  #223-D: function "assert_param" declared implicitly
    assert_param(IS_TIM_LIST4_PERIPH(TIMx));
Libraries\STM32F4xx_StdPeriph_Driver\src\stm32f4xx_tim.c(2375): warning:  #223-D: function "assert_param" declared implicitly
    assert_param(IS_TIM_ALL_PERIPH(TIMx));
Libraries\STM32F4xx_StdPeriph_Driver\src\stm32f4xx_tim.c(2413): warning:  #223-D: function "assert_param" declared implicitly
    assert_param(IS_TIM_ALL_PERIPH(TIMx));
Libraries\STM32F4xx_StdPeriph_Driver\src\stm32f4xx_tim.c(2447): warning:  #223-D: function "assert_param" declared implicitly
    assert_param(IS_TIM_ALL_PERIPH(TIMx));
Libraries\STM32F4xx_StdPeriph_Driver\src\stm32f4xx_tim.c(2488): warning:  #223-D: function "assert_param" declared implicitly
    assert_param(IS_TIM_ALL_PERIPH(TIMx));
Libraries\STM32F4xx_StdPeriph_Driver\src\stm32f4xx_tim.c(2518): warning:  #223-D: function "assert_param" declared implicitly
    assert_param(IS_TIM_ALL_PERIPH(TIMx));
Libraries\STM32F4xx_StdPeriph_Driver\src\stm32f4xx_tim.c(2557): warning:  #223-D: function "assert_param" declared implicitly
    assert_param(IS_TIM_ALL_PERIPH(TIMx));
Libraries\STM32F4xx_StdPeriph_Driver\src\stm32f4xx_tim.c(2594): warning:  #223-D: function "assert_param" declared implicitly
    assert_param(IS_TIM_LIST3_PERIPH(TIMx));
Libraries\STM32F4xx_StdPeriph_Driver\src\stm32f4xx_tim.c(2621): warning:  #223-D: function "assert_param" declared implicitly
    assert_param(IS_TIM_LIST5_PERIPH(TIMx)); 
Libraries\STM32F4xx_StdPeriph_Driver\src\stm32f4xx_tim.c(2647): warning:  #223-D: function "assert_param" declared implicitly
    assert_param(IS_TIM_LIST3_PERIPH(TIMx));
Libraries\STM32F4xx_StdPeriph_Driver\src\stm32f4xx_tim.c(2686): warning:  #223-D: function "assert_param" declared implicitly
    assert_param(IS_TIM_LIST2_PERIPH(TIMx));
Libraries\STM32F4xx_StdPeriph_Driver\src\stm32f4xx_tim.c(2707): warning:  #223-D: function "assert_param" declared implicitly
    assert_param(IS_TIM_LIST2_PERIPH(TIMx));
Libraries\STM32F4xx_StdPeriph_Driver\src\stm32f4xx_tim.c(2738): warning:  #223-D: function "assert_param" declared implicitly
    assert_param(IS_TIM_LIST1_PERIPH(TIMx));
Libraries\STM32F4xx_StdPeriph_Driver\src\stm32f4xx_tim.c(2780): warning:  #223-D: function "assert_param" declared implicitly
    assert_param(IS_TIM_LIST3_PERIPH(TIMx));
Libraries\STM32F4xx_StdPeriph_Driver\src\stm32f4xx_tim.c(2825): warning:  #223-D: function "assert_param" declared implicitly
    assert_param(IS_TIM_LIST3_PERIPH(TIMx));
Libraries\STM32F4xx_StdPeriph_Driver\src\stm32f4xx_tim.c(2897): warning:  #223-D: function "assert_param" declared implicitly
    assert_param(IS_TIM_LIST1_PERIPH(TIMx)); 
Libraries\STM32F4xx_StdPeriph_Driver\src\stm32f4xx_tim.c(2938): warning:  #223-D: function "assert_param" declared implicitly
    assert_param(IS_TIM_LIST5_PERIPH(TIMx));
Libraries\STM32F4xx_StdPeriph_Driver\src\stm32f4xx_tim.c(2962): warning:  #223-D: function "assert_param" declared implicitly
    assert_param(IS_TIM_LIST2_PERIPH(TIMx));
Libraries\STM32F4xx_StdPeriph_Driver\src\stm32f4xx_tim.c(2985): warning:  #223-D: function "assert_param" declared implicitly
    assert_param(IS_TIM_LIST2_PERIPH(TIMx));
Libraries\STM32F4xx_StdPeriph_Driver\src\stm32f4xx_tim.c(3018): warning:  #223-D: function "assert_param" declared implicitly
    assert_param(IS_TIM_LIST3_PERIPH(TIMx));
Libraries\STM32F4xx_StdPeriph_Driver\src\stm32f4xx_tim.c(3078): warning:  #223-D: function "assert_param" declared implicitly
    assert_param(IS_TIM_LIST2_PERIPH(TIMx));
Libraries\STM32F4xx_StdPeriph_Driver\src\stm32f4xx_tim.c(3125): warning:  #223-D: function "assert_param" declared implicitly
    assert_param(IS_TIM_LIST2_PERIPH(TIMx));
Libraries\STM32F4xx_StdPeriph_Driver\src\stm32f4xx_tim.c(3176): warning:  #223-D: function "assert_param" declared implicitly
    assert_param(IS_TIM_LIST6_PERIPH(TIMx));
Libraries\STM32F4xx_StdPeriph_Driver\src\stm32f4xx_tim.c: 84 warnings, 0 errors
compiling stm32f4xx_usart.c...
Libraries\STM32F4xx_StdPeriph_Driver\src\stm32f4xx_usart.c(190): warning:  #223-D: function "assert_param" declared implicitly
    assert_param(IS_USART_ALL_PERIPH(USARTx));
Libraries\STM32F4xx_StdPeriph_Driver\src\stm32f4xx_usart.c(254): warning:  #223-D: function "assert_param" declared implicitly
    assert_param(IS_USART_ALL_PERIPH(USARTx));
Libraries\STM32F4xx_StdPeriph_Driver\src\stm32f4xx_usart.c(383): warning:  #223-D: function "assert_param" declared implicitly
    assert_param(IS_USART_1236_PERIPH(USARTx));
Libraries\STM32F4xx_StdPeriph_Driver\src\stm32f4xx_usart.c(430): warning:  #223-D: function "assert_param" declared implicitly
    assert_param(IS_USART_ALL_PERIPH(USARTx));
Libraries\STM32F4xx_StdPeriph_Driver\src\stm32f4xx_usart.c(456): warning:  #223-D: function "assert_param" declared implicitly
    assert_param(IS_USART_ALL_PERIPH(USARTx));
Libraries\STM32F4xx_StdPeriph_Driver\src\stm32f4xx_usart.c(477): warning:  #223-D: function "assert_param" declared implicitly
    assert_param(IS_USART_ALL_PERIPH(USARTx));
Libraries\STM32F4xx_StdPeriph_Driver\src\stm32f4xx_usart.c(503): warning:  #223-D: function "assert_param" declared implicitly
    assert_param(IS_USART_ALL_PERIPH(USARTx));
Libraries\STM32F4xx_StdPeriph_Driver\src\stm32f4xx_usart.c(560): warning:  #223-D: function "assert_param" declared implicitly
    assert_param(IS_USART_ALL_PERIPH(USARTx));
Libraries\STM32F4xx_StdPeriph_Driver\src\stm32f4xx_usart.c(576): warning:  #223-D: function "assert_param" declared implicitly
    assert_param(IS_USART_ALL_PERIPH(USARTx));
Libraries\STM32F4xx_StdPeriph_Driver\src\stm32f4xx_usart.c(628): warning:  #223-D: function "assert_param" declared implicitly
    assert_param(IS_USART_ALL_PERIPH(USARTx));
Libraries\STM32F4xx_StdPeriph_Driver\src\stm32f4xx_usart.c(648): warning:  #223-D: function "assert_param" declared implicitly
    assert_param(IS_USART_ALL_PERIPH(USARTx));
Libraries\STM32F4xx_StdPeriph_Driver\src\stm32f4xx_usart.c(675): warning:  #223-D: function "assert_param" declared implicitly
    assert_param(IS_USART_ALL_PERIPH(USARTx));
Libraries\STM32F4xx_StdPeriph_Driver\src\stm32f4xx_usart.c(744): warning:  #223-D: function "assert_param" declared implicitly
    assert_param(IS_USART_ALL_PERIPH(USARTx));
Libraries\STM32F4xx_StdPeriph_Driver\src\stm32f4xx_usart.c(762): warning:  #223-D: function "assert_param" declared implicitly
    assert_param(IS_USART_ALL_PERIPH(USARTx));
Libraries\STM32F4xx_StdPeriph_Driver\src\stm32f4xx_usart.c(786): warning:  #223-D: function "assert_param" declared implicitly
    assert_param(IS_USART_ALL_PERIPH(USARTx));
Libraries\STM32F4xx_StdPeriph_Driver\src\stm32f4xx_usart.c(839): warning:  #223-D: function "assert_param" declared implicitly
    assert_param(IS_USART_ALL_PERIPH(USARTx));
Libraries\STM32F4xx_StdPeriph_Driver\src\stm32f4xx_usart.c(923): warning:  #223-D: function "assert_param" declared implicitly
    assert_param(IS_USART_1236_PERIPH(USARTx));
Libraries\STM32F4xx_StdPeriph_Driver\src\stm32f4xx_usart.c(942): warning:  #223-D: function "assert_param" declared implicitly
    assert_param(IS_USART_1236_PERIPH(USARTx));
Libraries\STM32F4xx_StdPeriph_Driver\src\stm32f4xx_usart.c(967): warning:  #223-D: function "assert_param" declared implicitly
    assert_param(IS_USART_1236_PERIPH(USARTx)); 
Libraries\STM32F4xx_StdPeriph_Driver\src\stm32f4xx_usart.c(1038): warning:  #223-D: function "assert_param" declared implicitly
    assert_param(IS_USART_ALL_PERIPH(USARTx));
Libraries\STM32F4xx_StdPeriph_Driver\src\stm32f4xx_usart.c(1056): warning:  #223-D: function "assert_param" declared implicitly
    assert_param(IS_USART_ALL_PERIPH(USARTx));
Libraries\STM32F4xx_StdPeriph_Driver\src\stm32f4xx_usart.c(1102): warning:  #223-D: function "assert_param" declared implicitly
    assert_param(IS_USART_ALL_PERIPH(USARTx));
Libraries\STM32F4xx_StdPeriph_Driver\src\stm32f4xx_usart.c(1236): warning:  #223-D: function "assert_param" declared implicitly
    assert_param(IS_USART_ALL_PERIPH(USARTx));
Libraries\STM32F4xx_StdPeriph_Driver\src\stm32f4xx_usart.c(1299): warning:  #223-D: function "assert_param" declared implicitly
    assert_param(IS_USART_ALL_PERIPH(USARTx));
Libraries\STM32F4xx_StdPeriph_Driver\src\stm32f4xx_usart.c(1347): warning:  #223-D: function "assert_param" declared implicitly
    assert_param(IS_USART_ALL_PERIPH(USARTx));
Libraries\STM32F4xx_StdPeriph_Driver\src\stm32f4xx_usart.c(1383): warning:  #223-D: function "assert_param" declared implicitly
    assert_param(IS_USART_ALL_PERIPH(USARTx));
Libraries\STM32F4xx_StdPeriph_Driver\src\stm32f4xx_usart.c(1456): warning:  #223-D: function "assert_param" declared implicitly
    assert_param(IS_USART_ALL_PERIPH(USARTx));
Libraries\STM32F4xx_StdPeriph_Driver\src\stm32f4xx_usart.c: 27 warnings, 0 errors
compiling stm32f4xx_wwdg.c...
Libraries\STM32F4xx_StdPeriph_Driver\src\stm32f4xx_wwdg.c(158): warning:  #223-D: function "assert_param" declared implicitly
    assert_param(IS_WWDG_PRESCALER(WWDG_Prescaler));
Libraries\STM32F4xx_StdPeriph_Driver\src\stm32f4xx_wwdg.c(178): warning:  #223-D: function "assert_param" declared implicitly
    assert_param(IS_WWDG_WINDOW_VALUE(WindowValue));
Libraries\STM32F4xx_StdPeriph_Driver\src\stm32f4xx_wwdg.c(211): warning:  #223-D: function "assert_param" declared implicitly
    assert_param(IS_WWDG_COUNTER(Counter));
Libraries\STM32F4xx_StdPeriph_Driver\src\stm32f4xx_wwdg.c(242): warning:  #223-D: function "assert_param" declared implicitly
    assert_param(IS_WWDG_COUNTER(Counter));
Libraries\STM32F4xx_StdPeriph_Driver\src\stm32f4xx_wwdg.c: 4 warnings, 0 errors
".\FPInterro.axf" - 30 Error(s), 558 Warning(s).
Target not created
